  Using 'git status' to determine working set for adaptive non-unity build (C:\Andrew\School\Grade 12\ISM\Final Product\RocketRacer).
  Creating makefile for RocketRacerEditor (game project files are newer)
  Parsing headers for RocketRacerEditor
    Running UnrealHeaderTool "C:\Andrew\School\Grade 12\ISM\Final Product\RocketRacer\RocketRacer.uproject" "C:\Andrew\School\Grade 12\ISM\Final Product\RocketRacer\Intermediate\Build\Win64\RocketRacerEditor\Development\RocketRacerEditor.uhtmanifest" -LogCmds="loginit warning, logexit warning, logdatabase error" -Unattended -WarningsAsErrors -installed
  Reflection code generated for RocketRacerEditor in 22.4536947 seconds
  Building RocketRacerEditor...
  Using Visual Studio 2019 14.24.28316 toolchain (C:\Program Files (x86)\Microsoft Visual Studio\2019\Community\VC\Tools\MSVC\14.24.28314) and Windows 10.0.18362.0 SDK (C:\Program Files (x86)\Windows Kits\10).
  Building 8 actions with 8 processes...
    [1/8] SharedPCH.Engine.ShadowErrors.cpp
    [2/8] RocketRacer.cpp
    [3/8] SortArray.cpp
    [4/8] RocketRacer.init.gen.cpp
    [5/8] SortArray.gen.cpp
    [6/8] UE4Editor-RocketRacer-0001.lib
       Creating library C:\Andrew\School\Grade 12\ISM\Final Product\RocketRacer\Intermediate\Build\Win64\UE4Editor\Development\RocketRacer\UE4Editor-RocketRacer-0001.lib and object C:\Andrew\School\Grade 12\ISM\Final Product\RocketRacer\Intermediate\Build\Win64\UE4Editor\Development\RocketRacer\UE4Editor-RocketRacer-0001.exp
    [7/8] UE4Editor-RocketRacer-0001.dll
       Creating library C:\Andrew\School\Grade 12\ISM\Final Product\RocketRacer\Intermediate\Build\Win64\UE4Editor\Development\RocketRacer\UE4Editor-RocketRacer-0001.suppressed.lib and object C:\Andrew\School\Grade 12\ISM\Final Product\RocketRacer\Intermediate\Build\Win64\UE4Editor\Development\RocketRacer\UE4Editor-RocketRacer-0001.suppressed.exp
    [8/8] RocketRacerEditor.target
  Total time in Parallel executor: 26.15 seconds
  Total execution time: 53.28 seconds
