Log file open, 03/05/20 17:55:59
LogWindows: Failed to load 'aqProf.dll' (GetLastError=126)
LogWindows: File 'aqProf.dll' does not exist
LogWindows: Failed to load 'VtuneApi.dll' (GetLastError=126)
LogWindows: File 'VtuneApi.dll' does not exist
LogWindows: Failed to load 'VtuneApi32e.dll' (GetLastError=126)
LogWindows: File 'VtuneApi32e.dll' does not exist
LogConsoleResponse: Display: Failed to find resolution value strings in scalability ini. Falling back to default.
LogInit: Display: Running engine for game: RocketRacer
LogPlatformFile: Not using cached read wrapper
LogTaskGraph: Started task graph with 5 named threads and 23 total threads with 3 sets of task threads.
LogStats: Stats thread started at 0.152920
LogD3D11RHI: Loaded GFSDK_Aftermath_Lib.x64.dll
LogICUInternationalization: ICU TimeZone Detection - Raw Offset: -6:00, Platform Override: ''
LogPluginManager: Warning: Engine version string in ../../../Engine/Plugins/MyPlugins/CustomGravityPlugin/CustomGravityPlugin.uplugin could not be parsed ("4.22")
LogPluginManager: Mounting plugin Paper2D
LogPluginManager: Mounting plugin AISupport
LogPluginManager: Mounting plugin LightPropagationVolume
LogPluginManager: Mounting plugin ActorLayerUtilities
LogPluginManager: Mounting plugin AnimationSharing
LogPluginManager: Mounting plugin CLionSourceCodeAccess
LogPluginManager: Mounting plugin CodeLiteSourceCodeAccess
LogPluginManager: Mounting plugin GitSourceControl
LogPluginManager: Mounting plugin KDevelopSourceCodeAccess
LogPluginManager: Mounting plugin NullSourceCodeAccess
LogPluginManager: Mounting plugin PerforceSourceControl
LogPluginManager: Mounting plugin PlasticSourceControl
LogPluginManager: Mounting plugin SubversionSourceControl
LogPluginManager: Mounting plugin UObjectPlugin
LogPluginManager: Mounting plugin VisualStudioCodeSourceCodeAccess
LogPluginManager: Mounting plugin VisualStudioSourceCodeAccess
LogPluginManager: Mounting plugin XCodeSourceCodeAccess
LogPluginManager: Mounting plugin AssetManagerEditor
LogPluginManager: Mounting plugin CryptoKeys
LogPluginManager: Mounting plugin CurveEditorTools
LogPluginManager: Mounting plugin DataValidation
LogPluginManager: Mounting plugin FacialAnimation
LogPluginManager: Mounting plugin GameplayTagsEditor
LogPluginManager: Mounting plugin MacGraphicsSwitching
LogPluginManager: Mounting plugin MaterialAnalyzer
LogPluginManager: Mounting plugin MobileLauncherProfileWizard
LogPluginManager: Mounting plugin PluginBrowser
LogPluginManager: Mounting plugin SpeedTreeImporter
LogPluginManager: Mounting plugin DatasmithContent
LogPluginManager: Mounting plugin VariantManagerContent
LogPluginManager: Mounting plugin AlembicImporter
LogPluginManager: Mounting plugin AutomationUtils
LogPluginManager: Mounting plugin BackChannel
LogPluginManager: Mounting plugin CharacterAI
LogPluginManager: Mounting plugin GeometryCache
LogPluginManager: Mounting plugin PlatformCrypto
LogPluginManager: Mounting plugin ProxyLODPlugin
LogPluginManager: Mounting plugin RawInput
LogPluginManager: Mounting plugin SkeletalReduction
LogPluginManager: Mounting plugin MagicLeap
LogPluginManager: Mounting plugin MagicLeapMedia
LogPluginManager: Mounting plugin MLSDK
LogPluginManager: Mounting plugin AndroidMedia
LogPluginManager: Mounting plugin AvfMedia
LogPluginManager: Mounting plugin ImgMedia
LogPluginManager: Mounting plugin MediaCompositing
LogPluginManager: Mounting plugin MediaPlayerEditor
LogPluginManager: Mounting plugin WebMMedia
LogPluginManager: Mounting plugin WmfMedia
LogPluginManager: Mounting plugin TcpMessaging
LogPluginManager: Mounting plugin UdpMessaging
LogPluginManager: Mounting plugin ActorSequence
LogPluginManager: Mounting plugin LevelSequenceEditor
LogPluginManager: Mounting plugin MatineeToLevelSequence
LogPluginManager: Mounting plugin CustomGravityPlugin
LogPluginManager: Mounting plugin NetcodeUnitTest
LogPluginManager: Mounting plugin NUTUnrealEngine4
LogPluginManager: Mounting plugin OnlineSubsystemGooglePlay
LogPluginManager: Mounting plugin OnlineSubsystemIOS
LogPluginManager: Mounting plugin OnlineSubsystem
LogPluginManager: Mounting plugin OnlineSubsystemNull
LogPluginManager: Mounting plugin OnlineSubsystemUtils
LogPluginManager: Mounting plugin LauncherChunkInstaller
LogPluginManager: Mounting plugin AndroidDeviceProfileSelector
LogPluginManager: Mounting plugin AndroidMoviePlayer
LogPluginManager: Mounting plugin AndroidPermission
LogPluginManager: Mounting plugin AppleImageUtils
LogPluginManager: Mounting plugin AppleMoviePlayer
LogPluginManager: Mounting plugin ArchVisCharacter
LogPluginManager: Mounting plugin AssetTags
LogPluginManager: Mounting plugin AudioCapture
LogPluginManager: Mounting plugin CableComponent
LogPluginManager: Mounting plugin CustomMeshComponent
LogPluginManager: Mounting plugin EditableMesh
LogPluginManager: Mounting plugin ExampleDeviceProfileSelector
LogPluginManager: Mounting plugin GoogleCloudMessaging
LogPluginManager: Mounting plugin IOSDeviceProfileSelector
LogPluginManager: Mounting plugin LinuxDeviceProfileSelector
LogPluginManager: Mounting plugin LocationServicesBPLibrary
LogPluginManager: Mounting plugin MobilePatchingUtils
LogPluginManager: Mounting plugin OculusVR
LogPluginManager: Mounting plugin PhysXVehicles
LogPluginManager: Mounting plugin PostSplashScreen
LogPluginManager: Mounting plugin ProceduralMeshComponent
LogPluginManager: Mounting plugin RuntimePhysXCooking
LogPluginManager: Mounting plugin SignificanceManager
LogPluginManager: Mounting plugin SteamVR
LogPluginManager: Mounting plugin WebMMoviePlayer
LogPluginManager: Mounting plugin WindowsMoviePlayer
LogPluginManager: Mounting plugin ScreenshotTools
LogInit: Using libcurl 7.55.1-DEV
LogInit:  - built for x86_64-pc-win32
LogInit:  - supports SSL with OpenSSL/1.1.1
LogInit:  - supports HTTP deflate (compression) using libz 1.2.8
LogInit:  - other features:
LogInit:      CURL_VERSION_SSL
LogInit:      CURL_VERSION_LIBZ
LogInit:      CURL_VERSION_IPV6
LogInit:      CURL_VERSION_ASYNCHDNS
LogInit:      CURL_VERSION_LARGEFILE
LogInit:      CURL_VERSION_IDN
LogInit:  CurlRequestOptions (configurable via config and command line):
LogInit:  - bVerifyPeer = true  - Libcurl will verify peer certificate
LogInit:  - bUseHttpProxy = false  - Libcurl will NOT use HTTP proxy
LogInit:  - bDontReuseConnections = false  - Libcurl will reuse connections
LogInit:  - MaxHostConnections = 16  - Libcurl will limit the number of connections to a host
LogInit:  - LocalHostAddr = Default
LogInit:  - BufferSize = 65536
LogOnline: OSS: Creating online subsystem instance for: NULL
LogInit: WinSock: version 1.1 (2.2), MaxSocks=32767, MaxUdp=65467
LogOnline: OSS: TryLoadSubsystemAndSetDefault: Loaded subsystem for module [NULL]
LogInit: Build: ++UE4+Release-4.24-CL-11100242
LogInit: Engine Version: 4.24.2-11100242+++UE4+Release-4.24
LogInit: Compatible Engine Version: 4.24.0-10570792+++UE4+Release-4.24
LogInit: Net CL: 10570792
LogInit: OS: Windows 10 (Release 1903) (), CPU: Intel(R) Core(TM) i7-8650U CPU @ 1.90GHz, GPU: Intel(R) UHD Graphics 620
LogInit: Compiled (64-bit): Jan 24 2020 02:05:53
LogInit: Compiled with Visual C++: 19.16.27032.01
LogInit: Build Configuration: Development
LogInit: Branch Name: ++UE4+Release-4.24
LogInit: Command Line: 
LogInit: Base Directory: C:/Program Files/Epic Games/UE_4.24/Engine/Binaries/Win64/
LogInit: Installed Engine Build: 1
LogDevObjectVersion: Number of dev versions registered: 25
LogDevObjectVersion:   Dev-Blueprints (B0D832E4-1F89-4F0D-ACCF-7EB736FD4AA2): 10
LogDevObjectVersion:   Dev-Build (E1C64328-A22C-4D53-A36C-8E866417BD8C): 0
LogDevObjectVersion:   Dev-Core (375EC13C-06E4-48FB-B500-84F0262A717E): 3
LogDevObjectVersion:   Dev-Editor (E4B068ED-F494-42E9-A231-DA0B2E46BB41): 37
LogDevObjectVersion:   Dev-Framework (CFFC743F-43B0-4480-9391-14DF171D2073): 36
LogDevObjectVersion:   Dev-Mobile (B02B49B5-BB20-44E9-A304-32B752E40360): 2
LogDevObjectVersion:   Dev-Networking (A4E4105C-59A1-49B5-A7C5-40C4547EDFEE): 0
LogDevObjectVersion:   Dev-Online (39C831C9-5AE6-47DC-9A44-9C173E1C8E7C): 0
LogDevObjectVersion:   Dev-Physics (78F01B33-EBEA-4F98-B9B4-84EACCB95AA2): 2
LogDevObjectVersion:   Dev-Platform (6631380F-2D4D-43E0-8009-CF276956A95A): 0
LogDevObjectVersion:   Dev-Rendering (12F88B9F-8875-4AFC-A67C-D90C383ABD29): 36
LogDevObjectVersion:   Dev-Sequencer (7B5AE74C-D270-4C10-A958-57980B212A5A): 11
LogDevObjectVersion:   Dev-VR (D7296918-1DD6-4BDD-9DE2-64A83CC13884): 2
LogDevObjectVersion:   Dev-LoadTimes (C2A15278-BFE7-4AFE-6C17-90FF531DF755): 1
LogDevObjectVersion:   Private-Geometry (6EACA3D4-40EC-4CC1-B786-8BED09428FC5): 3
LogDevObjectVersion:   Dev-AnimPhys (29E575DD-E0A3-4627-9D10-D276232CDCEA): 17
LogDevObjectVersion:   Dev-Anim (AF43A65D-7FD3-4947-9873-3E8ED9C1BB05): 2
LogDevObjectVersion:   Dev-ReflectionCapture (6B266CEC-1EC7-4B8F-A30B-E4D90942FC07): 1
LogDevObjectVersion:   Dev-Automation (0DF73D61-A23F-47EA-B727-89E90C41499A): 1
LogDevObjectVersion:   FortniteMain (601D1886-AC64-4F84-AA16-D3DE0DEAC7D6): 31
LogDevObjectVersion:   Dev-Enterprise (9DFFBCD6-494F-0158-E221-12823C92A888): 8
LogDevObjectVersion:   Dev-Niagara (F2AED0AC-9AFE-416F-8664-AA7FFA26D6FC): 1
LogDevObjectVersion:   Dev-Destruction (174F1F0B-B4C6-45A5-B13F-2EE8D0FB917D): 9
LogDevObjectVersion:   Dev-Physics-Ext (35F94A83-E258-406C-A318-09F59610247C): 8
LogDevObjectVersion:   Dev-CineCamera (B2E18506-4273-CFC2-A54E-F4BB758BBA07): 1
LogInit: Presizing for max 25165824 objects, including 0 objects not considered by GC, pre-allocating 0 bytes for permanent pool.
LogInit: Object subsystem initialized
LogConfig: Setting CVar [[con.DebugEarlyDefault:1]]
LogConfig: Setting CVar [[r.setres:1280x720]]
[2020.03.05-23.56.00:229][  0]LogConfig: Setting CVar [[r.VSync:0]]
[2020.03.05-23.56.00:229][  0]LogConfig: Setting CVar [[r.RHICmdBypass:0]]
[2020.03.05-23.56.00:229][  0]LogConfig: Applying CVar settings from Section [/Script/Engine.RendererSettings] File [C:/Andrew/School/Grade 12/ISM/Final Product/RocketRacer/Saved/Config/Windows/Engine.ini]
[2020.03.05-23.56.00:229][  0]LogConfig: Setting CVar [[r.GPUCrashDebugging:0]]
[2020.03.05-23.56.00:230][  0]LogConfig: Applying CVar settings from Section [/Script/Engine.RendererOverrideSettings] File [C:/Andrew/School/Grade 12/ISM/Final Product/RocketRacer/Saved/Config/Windows/Engine.ini]
[2020.03.05-23.56.00:230][  0]LogConfig: Applying CVar settings from Section [/Script/Engine.StreamingSettings] File [C:/Andrew/School/Grade 12/ISM/Final Product/RocketRacer/Saved/Config/Windows/Engine.ini]
[2020.03.05-23.56.00:230][  0]LogConfig: Setting CVar [[s.MinBulkDataSizeForAsyncLoading:131072]]
[2020.03.05-23.56.00:230][  0]LogConfig: Setting CVar [[s.AsyncLoadingThreadEnabled:0]]
[2020.03.05-23.56.00:230][  0]LogConfig: Setting CVar [[s.EventDrivenLoaderEnabled:1]]
[2020.03.05-23.56.00:230][  0]LogConfig: Setting CVar [[s.WarnIfTimeLimitExceeded:0]]
[2020.03.05-23.56.00:230][  0]LogConfig: Setting CVar [[s.TimeLimitExceededMultiplier:1.5]]
[2020.03.05-23.56.00:230][  0]LogConfig: Setting CVar [[s.TimeLimitExceededMinTime:0.005]]
[2020.03.05-23.56.00:230][  0]LogConfig: Setting CVar [[s.UseBackgroundLevelStreaming:1]]
[2020.03.05-23.56.00:230][  0]LogConfig: Setting CVar [[s.PriorityAsyncLoadingExtraTime:15.0]]
[2020.03.05-23.56.00:230][  0]LogConfig: Setting CVar [[s.LevelStreamingActorsUpdateTimeLimit:5.0]]
[2020.03.05-23.56.00:230][  0]LogConfig: Setting CVar [[s.PriorityLevelStreamingActorsUpdateExtraTime:5.0]]
[2020.03.05-23.56.00:230][  0]LogConfig: Setting CVar [[s.LevelStreamingComponentsRegistrationGranularity:10]]
[2020.03.05-23.56.00:230][  0]LogConfig: Setting CVar [[s.UnregisterComponentsTimeLimit:1.0]]
[2020.03.05-23.56.00:230][  0]LogConfig: Setting CVar [[s.LevelStreamingComponentsUnregistrationGranularity:5]]
[2020.03.05-23.56.00:230][  0]LogConfig: Setting CVar [[s.FlushStreamingOnExit:1]]
[2020.03.05-23.56.00:230][  0]LogConfig: Applying CVar settings from Section [/Script/Engine.GarbageCollectionSettings] File [C:/Andrew/School/Grade 12/ISM/Final Product/RocketRacer/Saved/Config/Windows/Engine.ini]
[2020.03.05-23.56.00:230][  0]LogConfig: Setting CVar [[gc.MaxObjectsNotConsideredByGC:1]]
[2020.03.05-23.56.00:230][  0]LogConfig: Setting CVar [[gc.SizeOfPermanentObjectPool:0]]
[2020.03.05-23.56.00:230][  0]LogConfig: Setting CVar [[gc.FlushStreamingOnGC:0]]
[2020.03.05-23.56.00:230][  0]LogConfig: Setting CVar [[gc.NumRetriesBeforeForcingGC:10]]
[2020.03.05-23.56.00:230][  0]LogConfig: Setting CVar [[gc.AllowParallelGC:1]]
[2020.03.05-23.56.00:230][  0]LogConfig: Setting CVar [[gc.TimeBetweenPurgingPendingKillObjects:61.1]]
[2020.03.05-23.56.00:230][  0]LogConfig: Setting CVar [[gc.MaxObjectsInEditor:25165824]]
[2020.03.05-23.56.00:230][  0]LogConfig: Setting CVar [[gc.IncrementalBeginDestroyEnabled:1]]
[2020.03.05-23.56.00:230][  0]LogConfig: Setting CVar [[gc.CreateGCClusters:1]]
[2020.03.05-23.56.00:230][  0]LogConfig: Setting CVar [[gc.MinGCClusterSize:5]]
[2020.03.05-23.56.00:230][  0]LogConfig: Setting CVar [[gc.ActorClusteringEnabled:0]]
[2020.03.05-23.56.00:230][  0]LogConfig: Setting CVar [[gc.BlueprintClusteringEnabled:0]]
[2020.03.05-23.56.00:230][  0]LogConfig: Setting CVar [[gc.UseDisregardForGCOnDedicatedServers:0]]
[2020.03.05-23.56.00:230][  0]LogConfig: Applying CVar settings from Section [/Script/Engine.NetworkSettings] File [C:/Andrew/School/Grade 12/ISM/Final Product/RocketRacer/Saved/Config/Windows/Engine.ini]
[2020.03.05-23.56.00:230][  0]LogConfig: Applying CVar settings from Section [/Script/UnrealEd.CookerSettings] File [C:/Andrew/School/Grade 12/ISM/Final Product/RocketRacer/Saved/Config/Windows/Engine.ini]
[2020.03.05-23.56.00:234][  0]LogConfig: Applying CVar settings from Section [ViewDistanceQuality@3] File [C:/Andrew/School/Grade 12/ISM/Final Product/RocketRacer/Saved/Config/Windows/Scalability.ini]
[2020.03.05-23.56.00:234][  0]LogConfig: Setting CVar [[r.SkeletalMeshLODBias:0]]
[2020.03.05-23.56.00:234][  0]LogConfig: Setting CVar [[r.ViewDistanceScale:1.0]]
[2020.03.05-23.56.00:234][  0]LogConfig: Applying CVar settings from Section [AntiAliasingQuality@3] File [C:/Andrew/School/Grade 12/ISM/Final Product/RocketRacer/Saved/Config/Windows/Scalability.ini]
[2020.03.05-23.56.00:234][  0]LogConfig: Setting CVar [[r.PostProcessAAQuality:4]]
[2020.03.05-23.56.00:234][  0]LogConfig: Applying CVar settings from Section [ShadowQuality@3] File [C:/Andrew/School/Grade 12/ISM/Final Product/RocketRacer/Saved/Config/Windows/Scalability.ini]
[2020.03.05-23.56.00:234][  0]LogConfig: Setting CVar [[r.LightFunctionQuality:1]]
[2020.03.05-23.56.00:234][  0]LogConfig: Setting CVar [[r.ShadowQuality:5]]
[2020.03.05-23.56.00:234][  0]LogConfig: Setting CVar [[r.Shadow.CSM.MaxCascades:10]]
[2020.03.05-23.56.00:234][  0]LogConfig: Setting CVar [[r.Shadow.MaxResolution:2048]]
[2020.03.05-23.56.00:234][  0]LogConfig: Setting CVar [[r.Shadow.MaxCSMResolution:2048]]
[2020.03.05-23.56.00:234][  0]LogConfig: Setting CVar [[r.Shadow.RadiusThreshold:0.01]]
[2020.03.05-23.56.00:234][  0]LogConfig: Setting CVar [[r.Shadow.DistanceScale:1.0]]
[2020.03.05-23.56.00:234][  0]LogConfig: Setting CVar [[r.Shadow.CSM.TransitionScale:1.0]]
[2020.03.05-23.56.00:234][  0]LogConfig: Setting CVar [[r.Shadow.PreShadowResolutionFactor:1.0]]
[2020.03.05-23.56.00:234][  0]LogConfig: Setting CVar [[r.DistanceFieldShadowing:1]]
[2020.03.05-23.56.00:234][  0]LogConfig: Setting CVar [[r.DistanceFieldAO:1]]
[2020.03.05-23.56.00:234][  0]LogConfig: Setting CVar [[r.AOQuality:2]]
[2020.03.05-23.56.00:234][  0]LogConfig: Setting CVar [[r.VolumetricFog:1]]
[2020.03.05-23.56.00:234][  0]LogConfig: Setting CVar [[r.VolumetricFog.GridPixelSize:8]]
[2020.03.05-23.56.00:234][  0]LogConfig: Setting CVar [[r.VolumetricFog.GridSizeZ:128]]
[2020.03.05-23.56.00:234][  0]LogConfig: Setting CVar [[r.VolumetricFog.HistoryMissSupersampleCount:4]]
[2020.03.05-23.56.00:234][  0]LogConfig: Setting CVar [[r.LightMaxDrawDistanceScale:1]]
[2020.03.05-23.56.00:234][  0]LogConfig: Setting CVar [[r.CapsuleShadows:1]]
[2020.03.05-23.56.00:235][  0]LogConfig: Applying CVar settings from Section [PostProcessQuality@3] File [C:/Andrew/School/Grade 12/ISM/Final Product/RocketRacer/Saved/Config/Windows/Scalability.ini]
[2020.03.05-23.56.00:235][  0]LogConfig: Setting CVar [[r.MotionBlurQuality:4]]
[2020.03.05-23.56.00:235][  0]LogConfig: Setting CVar [[r.AmbientOcclusionMipLevelFactor:0.4]]
[2020.03.05-23.56.00:235][  0]LogConfig: Setting CVar [[r.AmbientOcclusionMaxQuality:100]]
[2020.03.05-23.56.00:235][  0]LogConfig: Setting CVar [[r.AmbientOcclusionLevels:-1]]
[2020.03.05-23.56.00:235][  0]LogConfig: Setting CVar [[r.AmbientOcclusionRadiusScale:1.0]]
[2020.03.05-23.56.00:235][  0]LogConfig: Setting CVar [[r.DepthOfFieldQuality:2]]
[2020.03.05-23.56.00:235][  0]LogConfig: Setting CVar [[r.RenderTargetPoolMin:400]]
[2020.03.05-23.56.00:235][  0]LogConfig: Setting CVar [[r.LensFlareQuality:2]]
[2020.03.05-23.56.00:235][  0]LogConfig: Setting CVar [[r.SceneColorFringeQuality:1]]
[2020.03.05-23.56.00:235][  0]LogConfig: Setting CVar [[r.EyeAdaptationQuality:2]]
[2020.03.05-23.56.00:235][  0]LogConfig: Setting CVar [[r.BloomQuality:5]]
[2020.03.05-23.56.00:235][  0]LogConfig: Setting CVar [[r.FastBlurThreshold:100]]
[2020.03.05-23.56.00:235][  0]LogConfig: Setting CVar [[r.Upscale.Quality:3]]
[2020.03.05-23.56.00:235][  0]LogConfig: Setting CVar [[r.Tonemapper.GrainQuantization:1]]
[2020.03.05-23.56.00:235][  0]LogConfig: Setting CVar [[r.LightShaftQuality:1]]
[2020.03.05-23.56.00:235][  0]LogConfig: Setting CVar [[r.Filter.SizeScale:1]]
[2020.03.05-23.56.00:235][  0]LogConfig: Setting CVar [[r.Tonemapper.Quality:5]]
[2020.03.05-23.56.00:235][  0]LogConfig: Setting CVar [[r.DOF.Gather.AccumulatorQuality:1        ; higher gathering accumulator quality]]
[2020.03.05-23.56.00:235][  0]LogConfig: Setting CVar [[r.DOF.Gather.PostfilterMethod:1          ; Median3x3 postfilering method]]
[2020.03.05-23.56.00:235][  0]LogConfig: Setting CVar [[r.DOF.Gather.EnableBokehSettings:0       ; no bokeh simulation when gathering]]
[2020.03.05-23.56.00:235][  0]LogConfig: Setting CVar [[r.DOF.Gather.RingCount:4                 ; medium number of samples when gathering]]
[2020.03.05-23.56.00:235][  0]LogConfig: Setting CVar [[r.DOF.Scatter.ForegroundCompositing:1    ; additive foreground scattering]]
[2020.03.05-23.56.00:235][  0]LogConfig: Setting CVar [[r.DOF.Scatter.BackgroundCompositing:2    ; additive background scattering]]
[2020.03.05-23.56.00:235][  0]LogConfig: Setting CVar [[r.DOF.Scatter.EnableBokehSettings:1      ; bokeh simulation when scattering]]
[2020.03.05-23.56.00:235][  0]LogConfig: Setting CVar [[r.DOF.Scatter.MaxSpriteRatio:0.1         ; only a maximum of 10% of scattered bokeh]]
[2020.03.05-23.56.00:235][  0]LogConfig: Setting CVar [[r.DOF.Recombine.Quality:1                ; cheap slight out of focus]]
[2020.03.05-23.56.00:235][  0]LogConfig: Setting CVar [[r.DOF.Recombine.EnableBokehSettings:0    ; no bokeh simulation on slight out of focus]]
[2020.03.05-23.56.00:235][  0]LogConfig: Setting CVar [[r.DOF.TemporalAAQuality:1                ; more stable temporal accumulation]]
[2020.03.05-23.56.00:235][  0]LogConfig: Setting CVar [[r.DOF.Kernel.MaxForegroundRadius:0.025]]
[2020.03.05-23.56.00:235][  0]LogConfig: Setting CVar [[r.DOF.Kernel.MaxBackgroundRadius:0.025]]
[2020.03.05-23.56.00:235][  0]LogConfig: Applying CVar settings from Section [TextureQuality@3] File [C:/Andrew/School/Grade 12/ISM/Final Product/RocketRacer/Saved/Config/Windows/Scalability.ini]
[2020.03.05-23.56.00:235][  0]LogConfig: Setting CVar [[r.Streaming.MipBias:0]]
[2020.03.05-23.56.00:235][  0]LogConfig: Setting CVar [[r.Streaming.AmortizeCPUToGPUCopy:0]]
[2020.03.05-23.56.00:235][  0]LogConfig: Setting CVar [[r.Streaming.MaxNumTexturesToStreamPerFrame:0]]
[2020.03.05-23.56.00:235][  0]LogConfig: Setting CVar [[r.Streaming.Boost:1]]
[2020.03.05-23.56.00:235][  0]LogConfig: Setting CVar [[r.MaxAnisotropy:8]]
[2020.03.05-23.56.00:235][  0]LogConfig: Setting CVar [[r.VT.MaxAnisotropy:8]]
[2020.03.05-23.56.00:235][  0]LogConfig: Setting CVar [[r.Streaming.LimitPoolSizeToVRAM:0]]
[2020.03.05-23.56.00:235][  0]LogConfig: Setting CVar [[r.Streaming.PoolSize:1000]]
[2020.03.05-23.56.00:235][  0]LogConfig: Setting CVar [[r.Streaming.MaxEffectiveScreenSize:0]]
[2020.03.05-23.56.00:235][  0]LogConfig: Applying CVar settings from Section [EffectsQuality@3] File [C:/Andrew/School/Grade 12/ISM/Final Product/RocketRacer/Saved/Config/Windows/Scalability.ini]
[2020.03.05-23.56.00:235][  0]LogConfig: Setting CVar [[r.TranslucencyLightingVolumeDim:64]]
[2020.03.05-23.56.00:235][  0]LogConfig: Setting CVar [[r.RefractionQuality:2]]
[2020.03.05-23.56.00:236][  0]LogConfig: Setting CVar [[r.SSR.Quality:3]]
[2020.03.05-23.56.00:236][  0]LogConfig: Setting CVar [[r.SSR.HalfResSceneColor:0]]
[2020.03.05-23.56.00:236][  0]LogConfig: Setting CVar [[r.SceneColorFormat:4]]
[2020.03.05-23.56.00:236][  0]LogConfig: Setting CVar [[r.DetailMode:2]]
[2020.03.05-23.56.00:236][  0]LogConfig: Setting CVar [[r.TranslucencyVolumeBlur:1]]
[2020.03.05-23.56.00:236][  0]LogConfig: Setting CVar [[r.MaterialQualityLevel:1 ; High quality]]
[2020.03.05-23.56.00:236][  0]LogConfig: Setting CVar [[r.SSS.Scale:1]]
[2020.03.05-23.56.00:236][  0]LogConfig: Setting CVar [[r.SSS.SampleSet:2]]
[2020.03.05-23.56.00:236][  0]LogConfig: Setting CVar [[r.SSS.Quality:1]]
[2020.03.05-23.56.00:236][  0]LogConfig: Setting CVar [[r.SSS.HalfRes:1]]
[2020.03.05-23.56.00:236][  0]LogConfig: Setting CVar [[r.SSGI.Quality:3]]
[2020.03.05-23.56.00:236][  0]LogConfig: Setting CVar [[r.EmitterSpawnRateScale:1.0]]
[2020.03.05-23.56.00:236][  0]LogConfig: Setting CVar [[r.ParticleLightQuality:2]]
[2020.03.05-23.56.00:236][  0]LogConfig: Setting CVar [[r.SkyAtmosphere.AerialPerspectiveLUT.FastApplyOnOpaque:1 ; Always have FastSkyLUT 1 in this case to avoid wrong sky]]
[2020.03.05-23.56.00:236][  0]LogConfig: Setting CVar [[r.SkyAtmosphere.AerialPerspectiveLUT.SampleCountPerSlice:1]]
[2020.03.05-23.56.00:236][  0]LogConfig: Setting CVar [[r.SkyAtmosphere.AerialPerspectiveLUT.DepthResolution:16.0]]
[2020.03.05-23.56.00:236][  0]LogConfig: Setting CVar [[r.SkyAtmosphere.FastSkyLUT:1]]
[2020.03.05-23.56.00:236][  0]LogConfig: Setting CVar [[r.SkyAtmosphere.FastSkyLUT.SampleCountMin:4.0]]
[2020.03.05-23.56.00:236][  0]LogConfig: Setting CVar [[r.SkyAtmosphere.FastSkyLUT.SampleCountMax:32.0]]
[2020.03.05-23.56.00:236][  0]LogConfig: Setting CVar [[r.SkyAtmosphere.SampleCountMin:4.0]]
[2020.03.05-23.56.00:236][  0]LogConfig: Setting CVar [[r.SkyAtmosphere.SampleCountMax:32.0]]
[2020.03.05-23.56.00:236][  0]LogConfig: Setting CVar [[r.SkyAtmosphere.TransmittanceLUT.UseSmallFormat:0]]
[2020.03.05-23.56.00:236][  0]LogConfig: Setting CVar [[r.SkyAtmosphere.TransmittanceLUT.SampleCount:10.0]]
[2020.03.05-23.56.00:236][  0]LogConfig: Setting CVar [[r.SkyAtmosphere.MultiScatteringLUT.SampleCount:15.0]]
[2020.03.05-23.56.00:236][  0]LogConfig: Applying CVar settings from Section [FoliageQuality@3] File [C:/Andrew/School/Grade 12/ISM/Final Product/RocketRacer/Saved/Config/Windows/Scalability.ini]
[2020.03.05-23.56.00:236][  0]LogConfig: Setting CVar [[foliage.DensityScale:1.0]]
[2020.03.05-23.56.00:236][  0]LogConfig: Setting CVar [[grass.DensityScale:1.0]]
[2020.03.05-23.56.00:236][  0]LogConfig: Applying CVar settings from Section [ShadingQuality@3] File [C:/Andrew/School/Grade 12/ISM/Final Product/RocketRacer/Saved/Config/Windows/Scalability.ini]
[2020.03.05-23.56.00:236][  0]LogConfig: Setting CVar [[r.HairStrands.SkyLighting.SampleCount:16]]
[2020.03.05-23.56.00:236][  0]LogConfig: Setting CVar [[r.HairStrands.SkyLighting.JitterIntegration:0]]
[2020.03.05-23.56.00:236][  0]LogConfig: Setting CVar [[r.HairStrands.SkyAO.SampleCount:16]]
[2020.03.05-23.56.00:236][  0]LogInit: Selected Device Profile: [Windows]
[2020.03.05-23.56.00:236][  0]LogInit: Applying CVar settings loaded from the selected device profile: [Windows]
[2020.03.05-23.56.00:241][  0]LogHAL: Display: Platform has ~ 16 GB [17101164544 / 17179869184 / 16], which maps to Larger [LargestMinGB=32, LargerMinGB=12, DefaultMinGB=8, SmallerMinGB=6, SmallestMinGB=0)
[2020.03.05-23.56.00:241][  0]LogInit: Going up to parent DeviceProfile []
[2020.03.05-23.56.00:241][  0]LogConfig: Applying CVar settings from Section [ViewDistanceQuality@3] File [C:/Andrew/School/Grade 12/ISM/Final Product/RocketRacer/Saved/Config/Windows/Scalability.ini]
[2020.03.05-23.56.00:241][  0]LogConfig: Setting CVar [[r.SkeletalMeshLODBias:0]]
[2020.03.05-23.56.00:241][  0]LogConfig: Setting CVar [[r.ViewDistanceScale:1.0]]
[2020.03.05-23.56.00:241][  0]LogConfig: Applying CVar settings from Section [AntiAliasingQuality@3] File [C:/Andrew/School/Grade 12/ISM/Final Product/RocketRacer/Saved/Config/Windows/Scalability.ini]
[2020.03.05-23.56.00:241][  0]LogConfig: Setting CVar [[r.PostProcessAAQuality:4]]
[2020.03.05-23.56.00:241][  0]LogConfig: Applying CVar settings from Section [ShadowQuality@3] File [C:/Andrew/School/Grade 12/ISM/Final Product/RocketRacer/Saved/Config/Windows/Scalability.ini]
[2020.03.05-23.56.00:241][  0]LogConfig: Setting CVar [[r.LightFunctionQuality:1]]
[2020.03.05-23.56.00:241][  0]LogConfig: Setting CVar [[r.ShadowQuality:5]]
[2020.03.05-23.56.00:241][  0]LogConfig: Setting CVar [[r.Shadow.CSM.MaxCascades:10]]
[2020.03.05-23.56.00:241][  0]LogConfig: Setting CVar [[r.Shadow.MaxResolution:2048]]
[2020.03.05-23.56.00:241][  0]LogConfig: Setting CVar [[r.Shadow.MaxCSMResolution:2048]]
[2020.03.05-23.56.00:241][  0]LogConfig: Setting CVar [[r.Shadow.RadiusThreshold:0.01]]
[2020.03.05-23.56.00:241][  0]LogConfig: Setting CVar [[r.Shadow.DistanceScale:1.0]]
[2020.03.05-23.56.00:241][  0]LogConfig: Setting CVar [[r.Shadow.CSM.TransitionScale:1.0]]
[2020.03.05-23.56.00:241][  0]LogConfig: Setting CVar [[r.Shadow.PreShadowResolutionFactor:1.0]]
[2020.03.05-23.56.00:241][  0]LogConfig: Setting CVar [[r.DistanceFieldShadowing:1]]
[2020.03.05-23.56.00:241][  0]LogConfig: Setting CVar [[r.DistanceFieldAO:1]]
[2020.03.05-23.56.00:241][  0]LogConfig: Setting CVar [[r.AOQuality:2]]
[2020.03.05-23.56.00:241][  0]LogConfig: Setting CVar [[r.VolumetricFog:1]]
[2020.03.05-23.56.00:241][  0]LogConfig: Setting CVar [[r.VolumetricFog.GridPixelSize:8]]
[2020.03.05-23.56.00:241][  0]LogConfig: Setting CVar [[r.VolumetricFog.GridSizeZ:128]]
[2020.03.05-23.56.00:241][  0]LogConfig: Setting CVar [[r.VolumetricFog.HistoryMissSupersampleCount:4]]
[2020.03.05-23.56.00:241][  0]LogConfig: Setting CVar [[r.LightMaxDrawDistanceScale:1]]
[2020.03.05-23.56.00:241][  0]LogConfig: Setting CVar [[r.CapsuleShadows:1]]
[2020.03.05-23.56.00:241][  0]LogConfig: Applying CVar settings from Section [PostProcessQuality@3] File [C:/Andrew/School/Grade 12/ISM/Final Product/RocketRacer/Saved/Config/Windows/Scalability.ini]
[2020.03.05-23.56.00:241][  0]LogConfig: Setting CVar [[r.MotionBlurQuality:4]]
[2020.03.05-23.56.00:241][  0]LogConfig: Setting CVar [[r.AmbientOcclusionMipLevelFactor:0.4]]
[2020.03.05-23.56.00:241][  0]LogConfig: Setting CVar [[r.AmbientOcclusionMaxQuality:100]]
[2020.03.05-23.56.00:241][  0]LogConfig: Setting CVar [[r.AmbientOcclusionLevels:-1]]
[2020.03.05-23.56.00:241][  0]LogConfig: Setting CVar [[r.AmbientOcclusionRadiusScale:1.0]]
[2020.03.05-23.56.00:241][  0]LogConfig: Setting CVar [[r.DepthOfFieldQuality:2]]
[2020.03.05-23.56.00:241][  0]LogConfig: Setting CVar [[r.RenderTargetPoolMin:400]]
[2020.03.05-23.56.00:241][  0]LogConfig: Setting CVar [[r.LensFlareQuality:2]]
[2020.03.05-23.56.00:242][  0]LogConfig: Setting CVar [[r.SceneColorFringeQuality:1]]
[2020.03.05-23.56.00:242][  0]LogConfig: Setting CVar [[r.EyeAdaptationQuality:2]]
[2020.03.05-23.56.00:242][  0]LogConfig: Setting CVar [[r.BloomQuality:5]]
[2020.03.05-23.56.00:242][  0]LogConfig: Setting CVar [[r.FastBlurThreshold:100]]
[2020.03.05-23.56.00:242][  0]LogConfig: Setting CVar [[r.Upscale.Quality:3]]
[2020.03.05-23.56.00:242][  0]LogConfig: Setting CVar [[r.Tonemapper.GrainQuantization:1]]
[2020.03.05-23.56.00:242][  0]LogConfig: Setting CVar [[r.LightShaftQuality:1]]
[2020.03.05-23.56.00:242][  0]LogConfig: Setting CVar [[r.Filter.SizeScale:1]]
[2020.03.05-23.56.00:242][  0]LogConfig: Setting CVar [[r.Tonemapper.Quality:5]]
[2020.03.05-23.56.00:242][  0]LogConfig: Setting CVar [[r.DOF.Gather.AccumulatorQuality:1        ; higher gathering accumulator quality]]
[2020.03.05-23.56.00:242][  0]LogConfig: Setting CVar [[r.DOF.Gather.PostfilterMethod:1          ; Median3x3 postfilering method]]
[2020.03.05-23.56.00:242][  0]LogConfig: Setting CVar [[r.DOF.Gather.EnableBokehSettings:0       ; no bokeh simulation when gathering]]
[2020.03.05-23.56.00:242][  0]LogConfig: Setting CVar [[r.DOF.Gather.RingCount:4                 ; medium number of samples when gathering]]
[2020.03.05-23.56.00:242][  0]LogConfig: Setting CVar [[r.DOF.Scatter.ForegroundCompositing:1    ; additive foreground scattering]]
[2020.03.05-23.56.00:242][  0]LogConfig: Setting CVar [[r.DOF.Scatter.BackgroundCompositing:2    ; additive background scattering]]
[2020.03.05-23.56.00:242][  0]LogConfig: Setting CVar [[r.DOF.Scatter.EnableBokehSettings:1      ; bokeh simulation when scattering]]
[2020.03.05-23.56.00:242][  0]LogConfig: Setting CVar [[r.DOF.Scatter.MaxSpriteRatio:0.1         ; only a maximum of 10% of scattered bokeh]]
[2020.03.05-23.56.00:242][  0]LogConfig: Setting CVar [[r.DOF.Recombine.Quality:1                ; cheap slight out of focus]]
[2020.03.05-23.56.00:242][  0]LogConfig: Setting CVar [[r.DOF.Recombine.EnableBokehSettings:0    ; no bokeh simulation on slight out of focus]]
[2020.03.05-23.56.00:242][  0]LogConfig: Setting CVar [[r.DOF.TemporalAAQuality:1                ; more stable temporal accumulation]]
[2020.03.05-23.56.00:242][  0]LogConfig: Setting CVar [[r.DOF.Kernel.MaxForegroundRadius:0.025]]
[2020.03.05-23.56.00:242][  0]LogConfig: Setting CVar [[r.DOF.Kernel.MaxBackgroundRadius:0.025]]
[2020.03.05-23.56.00:242][  0]LogConfig: Applying CVar settings from Section [TextureQuality@3] File [C:/Andrew/School/Grade 12/ISM/Final Product/RocketRacer/Saved/Config/Windows/Scalability.ini]
[2020.03.05-23.56.00:242][  0]LogConfig: Setting CVar [[r.Streaming.MipBias:0]]
[2020.03.05-23.56.00:242][  0]LogConfig: Setting CVar [[r.Streaming.AmortizeCPUToGPUCopy:0]]
[2020.03.05-23.56.00:242][  0]LogConfig: Setting CVar [[r.Streaming.MaxNumTexturesToStreamPerFrame:0]]
[2020.03.05-23.56.00:242][  0]LogConfig: Setting CVar [[r.Streaming.Boost:1]]
[2020.03.05-23.56.00:242][  0]LogConfig: Setting CVar [[r.MaxAnisotropy:8]]
[2020.03.05-23.56.00:242][  0]LogConfig: Setting CVar [[r.VT.MaxAnisotropy:8]]
[2020.03.05-23.56.00:242][  0]LogConfig: Setting CVar [[r.Streaming.LimitPoolSizeToVRAM:0]]
[2020.03.05-23.56.00:242][  0]LogConfig: Setting CVar [[r.Streaming.PoolSize:1000]]
[2020.03.05-23.56.00:243][  0]LogConfig: Setting CVar [[r.Streaming.MaxEffectiveScreenSize:0]]
[2020.03.05-23.56.00:243][  0]LogConfig: Applying CVar settings from Section [EffectsQuality@3] File [C:/Andrew/School/Grade 12/ISM/Final Product/RocketRacer/Saved/Config/Windows/Scalability.ini]
[2020.03.05-23.56.00:243][  0]LogConfig: Setting CVar [[r.TranslucencyLightingVolumeDim:64]]
[2020.03.05-23.56.00:243][  0]LogConfig: Setting CVar [[r.RefractionQuality:2]]
[2020.03.05-23.56.00:243][  0]LogConfig: Setting CVar [[r.SSR.Quality:3]]
[2020.03.05-23.56.00:243][  0]LogConfig: Setting CVar [[r.SSR.HalfResSceneColor:0]]
[2020.03.05-23.56.00:243][  0]LogConfig: Setting CVar [[r.SceneColorFormat:4]]
[2020.03.05-23.56.00:243][  0]LogConfig: Setting CVar [[r.DetailMode:2]]
[2020.03.05-23.56.00:243][  0]LogConfig: Setting CVar [[r.TranslucencyVolumeBlur:1]]
[2020.03.05-23.56.00:243][  0]LogConfig: Setting CVar [[r.MaterialQualityLevel:1 ; High quality]]
[2020.03.05-23.56.00:243][  0]LogConfig: Setting CVar [[r.SSS.Scale:1]]
[2020.03.05-23.56.00:243][  0]LogConfig: Setting CVar [[r.SSS.SampleSet:2]]
[2020.03.05-23.56.00:243][  0]LogConfig: Setting CVar [[r.SSS.Quality:1]]
[2020.03.05-23.56.00:243][  0]LogConfig: Setting CVar [[r.SSS.HalfRes:1]]
[2020.03.05-23.56.00:243][  0]LogConfig: Setting CVar [[r.SSGI.Quality:3]]
[2020.03.05-23.56.00:243][  0]LogConfig: Setting CVar [[r.EmitterSpawnRateScale:1.0]]
[2020.03.05-23.56.00:243][  0]LogConfig: Setting CVar [[r.ParticleLightQuality:2]]
[2020.03.05-23.56.00:243][  0]LogConfig: Setting CVar [[r.SkyAtmosphere.AerialPerspectiveLUT.FastApplyOnOpaque:1 ; Always have FastSkyLUT 1 in this case to avoid wrong sky]]
[2020.03.05-23.56.00:243][  0]LogConfig: Setting CVar [[r.SkyAtmosphere.AerialPerspectiveLUT.SampleCountPerSlice:1]]
[2020.03.05-23.56.00:243][  0]LogConfig: Setting CVar [[r.SkyAtmosphere.AerialPerspectiveLUT.DepthResolution:16.0]]
[2020.03.05-23.56.00:243][  0]LogConfig: Setting CVar [[r.SkyAtmosphere.FastSkyLUT:1]]
[2020.03.05-23.56.00:243][  0]LogConfig: Setting CVar [[r.SkyAtmosphere.FastSkyLUT.SampleCountMin:4.0]]
[2020.03.05-23.56.00:243][  0]LogConfig: Setting CVar [[r.SkyAtmosphere.FastSkyLUT.SampleCountMax:32.0]]
[2020.03.05-23.56.00:243][  0]LogConfig: Setting CVar [[r.SkyAtmosphere.SampleCountMin:4.0]]
[2020.03.05-23.56.00:243][  0]LogConfig: Setting CVar [[r.SkyAtmosphere.SampleCountMax:32.0]]
[2020.03.05-23.56.00:243][  0]LogConfig: Setting CVar [[r.SkyAtmosphere.TransmittanceLUT.UseSmallFormat:0]]
[2020.03.05-23.56.00:243][  0]LogConfig: Setting CVar [[r.SkyAtmosphere.TransmittanceLUT.SampleCount:10.0]]
[2020.03.05-23.56.00:243][  0]LogConfig: Setting CVar [[r.SkyAtmosphere.MultiScatteringLUT.SampleCount:15.0]]
[2020.03.05-23.56.00:243][  0]LogConfig: Applying CVar settings from Section [FoliageQuality@3] File [C:/Andrew/School/Grade 12/ISM/Final Product/RocketRacer/Saved/Config/Windows/Scalability.ini]
[2020.03.05-23.56.00:243][  0]LogConfig: Setting CVar [[foliage.DensityScale:1.0]]
[2020.03.05-23.56.00:243][  0]LogConfig: Setting CVar [[grass.DensityScale:1.0]]
[2020.03.05-23.56.00:243][  0]LogConfig: Applying CVar settings from Section [ShadingQuality@3] File [C:/Andrew/School/Grade 12/ISM/Final Product/RocketRacer/Saved/Config/Windows/Scalability.ini]
[2020.03.05-23.56.00:243][  0]LogConfig: Setting CVar [[r.HairStrands.SkyLighting.SampleCount:16]]
[2020.03.05-23.56.00:243][  0]LogConfig: Setting CVar [[r.HairStrands.SkyLighting.JitterIntegration:0]]
[2020.03.05-23.56.00:243][  0]LogConfig: Setting CVar [[r.HairStrands.SkyAO.SampleCount:16]]
[2020.03.05-23.56.00:243][  0]LogConfig: Applying CVar settings from Section [Startup] File [../../../Engine/Config/ConsoleVariables.ini]
[2020.03.05-23.56.00:244][  0]LogConfig: Setting CVar [[net.UseAdaptiveNetUpdateFrequency:0]]
[2020.03.05-23.56.00:244][  0]LogConfig: Setting CVar [[p.chaos.AllowCreatePhysxBodies:1]]
[2020.03.05-23.56.00:244][  0]LogConfig: Applying CVar settings from Section [ConsoleVariables] File [C:/Andrew/School/Grade 12/ISM/Final Product/RocketRacer/Saved/Config/Windows/Engine.ini]
[2020.03.05-23.56.00:244][  0]LogInit: Computer: DESKTOP-O2BFK72
[2020.03.05-23.56.00:244][  0]LogInit: User: andre
[2020.03.05-23.56.00:244][  0]LogInit: CPU Page size=4096, Cores=4
[2020.03.05-23.56.00:244][  0]LogInit: High frequency timer resolution =10.000000 MHz
[2020.03.05-23.56.00:245][  0]LogMemory: Memory total: Physical=15.9GB (16GB approx)
[2020.03.05-23.56.00:245][  0]LogMemory: Platform Memory Stats for Windows
[2020.03.05-23.56.00:245][  0]LogMemory: Process Physical Memory: 104.77 MB used, 104.78 MB peak
[2020.03.05-23.56.00:245][  0]LogMemory: Process Virtual Memory: 100.60 MB used, 100.60 MB peak
[2020.03.05-23.56.00:245][  0]LogMemory: Physical Memory: 7769.14 MB used,  8539.80 MB free, 16308.94 MB total
[2020.03.05-23.56.00:245][  0]LogMemory: Virtual Memory: 5137.50 MB used,  134212592.00 MB free, 134217728.00 MB total
[2020.03.05-23.56.00:250][  0]LogWindows: WindowsPlatformFeatures enabled
[2020.03.05-23.56.00:279][  0]LogInit: Using OS detected language (en-US).
[2020.03.05-23.56.00:279][  0]LogInit: Using OS detected locale (en-US).
[2020.03.05-23.56.00:280][  0]LogTextLocalizationManager: No specific localization for 'en-US' exists, so the 'en' localization will be used.
[2020.03.05-23.56.00:683][  0]LogInit: Setting process to per monitor DPI aware
[2020.03.05-23.56.00:749][  0]LogSlate: New Slate User Created.  User Index 0, Is Virtual User: 0
[2020.03.05-23.56.00:749][  0]LogSlate: Slate User Registered.  User Index 0, Is Virtual User: 0
[2020.03.05-23.56.01:000][  0]LogHMD: Failed to initialize OpenVR with code 110
[2020.03.05-23.56.01:000][  0]LogD3D11RHI: D3D11 min allowed feature level: 11_0
[2020.03.05-23.56.01:000][  0]LogD3D11RHI: D3D11 max allowed feature level: 11_0
[2020.03.05-23.56.01:000][  0]LogD3D11RHI: D3D11 adapters:
[2020.03.05-23.56.01:095][  0]LogD3D11RHI:    0. 'NVIDIA GeForce GTX 1050' (Feature Level 11_0)
[2020.03.05-23.56.01:095][  0]LogD3D11RHI:       1979/0/8154 MB DedicatedVideo/DedicatedSystem/SharedSystem, Outputs:1, VendorId:0x10de
[2020.03.05-23.56.01:148][  0]LogD3D11RHI:    1. 'Intel(R) UHD Graphics 620' (Feature Level 11_0)
[2020.03.05-23.56.01:148][  0]LogD3D11RHI:       128/0/8154 MB DedicatedVideo/DedicatedSystem/SharedSystem, Outputs:0, VendorId:0x8086
[2020.03.05-23.56.01:151][  0]LogD3D11RHI:    2. 'Microsoft Basic Render Driver' (Feature Level 11_0)
[2020.03.05-23.56.01:151][  0]LogD3D11RHI:       0/0/8154 MB DedicatedVideo/DedicatedSystem/SharedSystem, Outputs:0, VendorId:0x1414
[2020.03.05-23.56.01:151][  0]LogD3D11RHI: Chosen D3D11 Adapter: 0
[2020.03.05-23.56.01:208][  0]LogD3D11RHI: Creating new Direct3DDevice
[2020.03.05-23.56.01:208][  0]LogD3D11RHI:     GPU DeviceId: 0x1c8d (for the marketing name, search the web for "GPU Device Id")
[2020.03.05-23.56.01:208][  0]LogWindows: EnumDisplayDevices:
[2020.03.05-23.56.01:208][  0]LogWindows:    0. 'Intel(R) UHD Graphics 620' (P:1 D:1)
[2020.03.05-23.56.01:208][  0]LogWindows:    1. 'Intel(R) UHD Graphics 620' (P:0 D:0)
[2020.03.05-23.56.01:209][  0]LogWindows:    2. 'Intel(R) UHD Graphics 620' (P:0 D:0)
[2020.03.05-23.56.01:209][  0]LogWindows: DebugString: PrimaryIsNotTheChoosenAdapter PrimaryIsNotTheChoosenAdapter PrimaryIsNotTheChoosenAdapter FoundDriverCount:0 
[2020.03.05-23.56.01:209][  0]LogD3D11RHI:     Adapter Name: NVIDIA GeForce GTX 1050
[2020.03.05-23.56.01:209][  0]LogD3D11RHI:   Driver Version: Unknown (internal:Unknown, unified:Unknown)
[2020.03.05-23.56.01:209][  0]LogD3D11RHI:      Driver Date: Unknown
[2020.03.05-23.56.01:209][  0]LogRHI: Texture pool is 1385 MB (70% of 1979 MB)
[2020.03.05-23.56.01:267][  0]LogD3D11RHI: RHI has support for 64 bit atomics
[2020.03.05-23.56.01:267][  0]LogD3D11RHI: Async texture creation enabled
[2020.03.05-23.56.01:281][  0]LogD3D11RHI: GPU Timing Frequency: 1000.000000 (Debug: 2 1)
[2020.03.05-23.56.01:654][  0]LogTargetPlatformManager: Display: Loaded TargetPlatform 'AllDesktop'
[2020.03.05-23.56.01:694][  0]LogTargetPlatformManager: Display: Loaded TargetPlatform 'Android'
[2020.03.05-23.56.01:694][  0]LogTargetPlatformManager: Display: Loaded TargetPlatform 'Android_ASTC'
[2020.03.05-23.56.01:694][  0]LogTargetPlatformManager: Display: Loaded TargetPlatform 'Android_ATC'
[2020.03.05-23.56.01:694][  0]LogTargetPlatformManager: Display: Loaded TargetPlatform 'Android_DXT'
[2020.03.05-23.56.01:694][  0]LogTargetPlatformManager: Display: Loaded TargetPlatform 'Android_ETC1'
[2020.03.05-23.56.01:695][  0]LogTargetPlatformManager: Display: Loaded TargetPlatform 'Android_ETC1a'
[2020.03.05-23.56.01:695][  0]LogTargetPlatformManager: Display: Loaded TargetPlatform 'Android_ETC2'
[2020.03.05-23.56.01:695][  0]LogTargetPlatformManager: Display: Loaded TargetPlatform 'Android_PVRTC'
[2020.03.05-23.56.01:695][  0]LogTargetPlatformManager: Display: Loaded TargetPlatform 'AndroidClient'
[2020.03.05-23.56.01:695][  0]LogTargetPlatformManager: Display: Loaded TargetPlatform 'Android_ASTCClient'
[2020.03.05-23.56.01:695][  0]LogTargetPlatformManager: Display: Loaded TargetPlatform 'Android_ATCClient'
[2020.03.05-23.56.01:695][  0]LogTargetPlatformManager: Display: Loaded TargetPlatform 'Android_DXTClient'
[2020.03.05-23.56.01:695][  0]LogTargetPlatformManager: Display: Loaded TargetPlatform 'Android_ETC1Client'
[2020.03.05-23.56.01:695][  0]LogTargetPlatformManager: Display: Loaded TargetPlatform 'Android_ETC1aClient'
[2020.03.05-23.56.01:695][  0]LogTargetPlatformManager: Display: Loaded TargetPlatform 'Android_ETC2Client'
[2020.03.05-23.56.01:695][  0]LogTargetPlatformManager: Display: Loaded TargetPlatform 'Android_PVRTCClient'
[2020.03.05-23.56.01:695][  0]LogTargetPlatformManager: Display: Loaded TargetPlatform 'Android_Multi'
[2020.03.05-23.56.01:695][  0]LogTargetPlatformManager: Display: Loaded TargetPlatform 'Android_MultiClient'
[2020.03.05-23.56.01:718][  0]LogTargetPlatformManager: Display: Loaded TargetPlatform 'IOSClient'
[2020.03.05-23.56.01:718][  0]LogTargetPlatformManager: Display: Loaded TargetPlatform 'IOS'
[2020.03.05-23.56.01:726][  0]LogTargetPlatformManager: Display: Loaded TargetPlatform 'LinuxNoEditor'
[2020.03.05-23.56.01:735][  0]LogTargetPlatformManager: Display: Loaded TargetPlatform 'LinuxClient'
[2020.03.05-23.56.01:744][  0]LogTargetPlatformManager: Display: Loaded TargetPlatform 'LinuxServer'
[2020.03.05-23.56.01:752][  0]LogTargetPlatformManager: Display: Loaded TargetPlatform 'LinuxAArch64NoEditor'
[2020.03.05-23.56.01:761][  0]LogTargetPlatformManager: Display: Loaded TargetPlatform 'LinuxAArch64Client'
[2020.03.05-23.56.01:769][  0]LogTargetPlatformManager: Display: Loaded TargetPlatform 'LinuxAArch64Server'
[2020.03.05-23.56.01:797][  0]LogTargetPlatformManager: Display: Loaded TargetPlatform 'Lumin'
[2020.03.05-23.56.01:798][  0]LogTargetPlatformManager: Display: Loaded TargetPlatform 'LuminClient'
[2020.03.05-23.56.01:813][  0]LogTargetPlatformManager: Display: Loaded TargetPlatform 'TVOSClient'
[2020.03.05-23.56.01:814][  0]LogTargetPlatformManager: Display: Loaded TargetPlatform 'TVOS'
[2020.03.05-23.56.01:822][  0]LogTargetPlatformManager: Display: Loaded TargetPlatform 'WindowsNoEditor'
[2020.03.05-23.56.01:832][  0]LogTargetPlatformManager: Display: Loaded TargetPlatform 'Windows'
[2020.03.05-23.56.01:841][  0]LogTargetPlatformManager: Display: Loaded TargetPlatform 'WindowsClient'
[2020.03.05-23.56.01:849][  0]LogTargetPlatformManager: Display: Loaded TargetPlatform 'WindowsServer'
[2020.03.05-23.56.01:849][  0]LogTargetPlatformManager: Display: Building Assets For Windows
[2020.03.05-23.56.01:852][  0]LogAudioDebug: Display: Lib vorbis DLL was dynamically loaded.
[2020.03.05-23.56.01:876][  0]LogShaderCompilers: Guid format shader working directory is -25 characters bigger than the processId version (../../../../../../Andrew/School/Grade 12/ISM/Final Product/RocketRacer/Intermediate/Shaders/WorkingDirectory/12620/).
[2020.03.05-23.56.01:876][  0]LogShaderCompilers: Cleaned the shader compiler working directory 'C:/Users/andre/AppData/Local/Temp/UnrealShaderWorkingDir/C37B07834D9D23D093F41C85D193FF42/'.
[2020.03.05-23.56.01:877][  0]LogXGEController: Cannot use XGE Controller as Incredibuild is not installed on this machine.
[2020.03.05-23.56.01:877][  0]LogShaderCompilers: Cannot use XGE Shader Compiler as Incredibuild is not installed on this machine.
[2020.03.05-23.56.01:877][  0]LogShaderCompilers: Display: Using Local Shader Compiler.
[2020.03.05-23.56.02:695][  0]LogDerivedDataCache: Display: Max Cache Size: 512 MB
[2020.03.05-23.56.02:753][  0]LogDerivedDataCache: Loaded boot cache 0.06s 78MB C:/Users/andre/AppData/Local/UnrealEngine/4.24/DerivedDataCache/Boot.ddc.
[2020.03.05-23.56.02:753][  0]LogDerivedDataCache: Display: Loaded Boot cache: C:/Users/andre/AppData/Local/UnrealEngine/4.24/DerivedDataCache/Boot.ddc
[2020.03.05-23.56.02:753][  0]LogDerivedDataCache: FDerivedDataBackendGraph:  Pak pak cache file ../../../../../../Andrew/School/Grade 12/ISM/Final Product/RocketRacer/DerivedDataCache/DDC.ddp not found, will not use a pak cache.
[2020.03.05-23.56.02:753][  0]LogDerivedDataCache: Unable to find inner node Pak for hierarchical cache Hierarchy.
[2020.03.05-23.56.02:754][  0]LogDerivedDataCache: FDerivedDataBackendGraph:  CompressedPak pak cache file ../../../../../../Andrew/School/Grade 12/ISM/Final Product/RocketRacer/DerivedDataCache/Compressed.ddp not found, will not use a pak cache.
[2020.03.05-23.56.02:754][  0]LogDerivedDataCache: Unable to find inner node CompressedPak for hierarchical cache Hierarchy.
[2020.03.05-23.56.02:766][  0]LogDerivedDataCache: Display: Pak cache opened for reading ../../../Engine/DerivedDataCache/Compressed.ddp.
[2020.03.05-23.56.02:766][  0]LogDerivedDataCache: FDerivedDataBackendGraph:  EnterprisePak pak cache file ../../../Enterprise/DerivedDataCache/Compressed.ddp not found, will not use a pak cache.
[2020.03.05-23.56.02:766][  0]LogDerivedDataCache: Unable to find inner node EnterprisePak for hierarchical cache Hierarchy.
[2020.03.05-23.56.02:769][  0]LogDerivedDataCache: Using Local data cache path C:/Users/andre/AppData/Local/UnrealEngine/Common/DerivedDataCache: Writable
[2020.03.05-23.56.02:769][  0]LogDerivedDataCache: Shared data cache path not found in *engine.ini, will not use an Shared cache.
[2020.03.05-23.56.02:769][  0]LogDerivedDataCache: Unable to find inner node Shared for hierarchical cache Hierarchy.
[2020.03.05-23.56.02:797][  0]LogMaterial: Verifying Global Shaders for PCD3D_SM5
[2020.03.05-23.56.02:800][  0]LogSlate: Using FreeType 2.10.0
[2020.03.05-23.56.02:801][  0]LogSlate: SlateFontServices - WITH_FREETYPE: 1, WITH_HARFBUZZ: 1
[2020.03.05-23.56.02:854][  0]LogAssetRegistry: FAssetRegistry took 0.0027 seconds to start up
[2020.03.05-23.56.03:177][  0]LogInit: Selected Device Profile: [Windows]
[2020.03.05-23.56.03:348][  0]LogMeshReduction: Using QuadricMeshReduction for automatic static mesh reduction
[2020.03.05-23.56.03:348][  0]LogMeshReduction: Using SimplygonMeshReduction for automatic skeletal mesh reduction
[2020.03.05-23.56.03:348][  0]LogMeshReduction: Using ProxyLODMeshReduction for automatic mesh merging
[2020.03.05-23.56.03:348][  0]LogMeshReduction: No distributed automatic mesh merging module available
[2020.03.05-23.56.03:348][  0]LogMeshMerging: No distributed automatic mesh merging module available
[2020.03.05-23.56.03:362][  0]LogNetVersion: RocketRacer 1.0.0, NetCL: 10570792, EngineNetVer: 13, GameNetVer: 0 (Checksum: 2842693076)
[2020.03.05-23.56.04:450][  0]LogPackageLocalizationCache: Processed 10 localized package path(s) for 1 prioritized culture(s) in 0.049633 seconds
[2020.03.05-23.56.04:459][  0]LogUObjectArray: 46750 objects as part of root set at end of initial load.
[2020.03.05-23.56.04:459][  0]LogUObjectAllocator: 8137160 out of 0 bytes used by permanent object pool.
[2020.03.05-23.56.04:459][  0]LogUObjectArray: CloseDisregardForGC: 0/0 objects in disregard for GC pool
[2020.03.05-23.56.04:868][  0]LogTcpMessaging: Initializing TcpMessaging bridge
[2020.03.05-23.56.04:871][  0]LogUdpMessaging: Initializing bridge on interface 0.0.0.0:0 to multicast group 230.0.0.1:6666.
[2020.03.05-23.56.04:886][  0]LogActorComponent: UnregisterComponent: (/Script/CustomGravityPlugin.Default__PlanetActor:SphereCollision0) Not registered. Aborting.
[2020.03.05-23.56.04:939][  0]SourceControl: Source control is disabled
[2020.03.05-23.56.04:939][  0]SourceControl: Source control is disabled
[2020.03.05-23.56.04:940][  0]SourceControl: Source control is disabled
[2020.03.05-23.56.04:941][  0]SourceControl: Source control is disabled
[2020.03.05-23.56.04:941][  0]SourceControl: Source control is disabled
[2020.03.05-23.56.05:030][  0]LogAndroidPermission: UAndroidPermissionCallbackProxy::GetInstance
[2020.03.05-23.56.05:041][  0]LogAudioCaptureCore: Display: No Audio Capture implementations found. Audio input will be silent.
[2020.03.05-23.56.05:041][  0]LogAudioCaptureCore: Display: No Audio Capture implementations found. Audio input will be silent.
[2020.03.05-23.56.05:137][  0]LogOcInput: OculusInput pre-init called
[2020.03.05-23.56.05:145][  0]LogWindows: Failed to load 'OVRPlugin.dll' (GetLastError=126)
[2020.03.05-23.56.05:145][  0]LogWindows: File 'OVRPlugin.dll' does not exist
[2020.03.05-23.56.05:215][  0]LogEngine: Initializing Engine...
[2020.03.05-23.56.05:216][  0]LogHMD: Failed to initialize OpenVR with code 110
[2020.03.05-23.56.05:217][  0]LogStats: UGameplayTagsManager::InitializeManager -  0.000 s
[2020.03.05-23.56.05:564][  0]LogInit: Initializing FReadOnlyCVARCache
[2020.03.05-23.56.05:570][  0]LogAIModule: Creating AISystem for world Untitled
[2020.03.05-23.56.05:593][  0]LogAudioMixer: Display: Audio Mixer Platform Settings:
[2020.03.05-23.56.05:593][  0]LogAudioMixer: Display: 	Sample Rate:						  48000
[2020.03.05-23.56.05:593][  0]LogAudioMixer: Display: 	Callback Buffer Frame Size Requested: 1024
[2020.03.05-23.56.05:593][  0]LogAudioMixer: Display: 	Callback Buffer Frame Size To Use:	  1024
[2020.03.05-23.56.05:593][  0]LogAudioMixer: Display: 	Number of buffers to queue:			  2
[2020.03.05-23.56.05:593][  0]LogAudioMixer: Display: 	Max Channels (voices):				  32
[2020.03.05-23.56.05:593][  0]LogAudioMixer: Display: 	Number of Async Source Workers:		  0
[2020.03.05-23.56.05:593][  0]LogAudio: Display: AudioDevice MaxSources: 32
[2020.03.05-23.56.05:593][  0]LogAudio: Display: Using built-in audio occlusion.
[2020.03.05-23.56.05:593][  0]LogAudioMixer: Display: Initializing audio mixer.
[2020.03.05-23.56.05:616][  0]LogAudioMixer: Display: Audio Device Output Speaker Info:
[2020.03.05-23.56.05:616][  0]LogAudioMixer: Display: Name: Speakers (Realtek High Definition Audio(SST))
[2020.03.05-23.56.05:616][  0]LogAudioMixer: Display: Is Default: Yes
[2020.03.05-23.56.05:616][  0]LogAudioMixer: Display: Sample Rate: 48000
[2020.03.05-23.56.05:616][  0]LogAudioMixer: Display: Channel Count Used: 2
[2020.03.05-23.56.05:616][  0]LogAudioMixer: Display: Device Channel Count: 2
[2020.03.05-23.56.05:616][  0]LogAudioMixer: Display: Channel Order:
[2020.03.05-23.56.05:616][  0]LogAudioMixer: Display: 0: FrontLeft
[2020.03.05-23.56.05:616][  0]LogAudioMixer: Display: 1: FrontRight
[2020.03.05-23.56.05:799][  0]LogAudioMixer: Display: Using Audio Device Speakers (Realtek High Definition Audio(SST))
[2020.03.05-23.56.05:803][  0]LogInit: FAudioDevice initialized.
[2020.03.05-23.56.05:804][  0]LogNetVersion: Set ProjectVersion to 1.0.0.0. Version Checksum will be recalculated on next use.
[2020.03.05-23.56.05:866][  0]LogDerivedDataCache: Saved boot cache 0.06s 78MB C:/Users/andre/AppData/Local/UnrealEngine/4.24/DerivedDataCache/Boot.ddc.
[2020.03.05-23.56.05:872][  0]LogInit: Texture streaming: Enabled
[2020.03.05-23.56.05:881][  0]LogEngineSessionManager: EngineSessionManager initialized
[2020.03.05-23.56.05:881][  0]LogEditorSessionSummary: Verbose: Initializing EditorSessionSummaryWriter for editor session tracking
[2020.03.05-23.56.05:883][  0]LogEditorSessionSummary: EditorSessionSummaryWriter initialized
[2020.03.05-23.56.05:934][  0]LogInit: Transaction tracking system initialized
[2020.03.05-23.56.05:943][  0]BlueprintLog: New page: Editor Load
[2020.03.05-23.56.05:972][  0]LocalizationService: Localization service is disabled
[2020.03.05-23.56.06:260][  0]LogFileCache: Scanning file cache for directory 'C:/Andrew/School/Grade 12/ISM/Final Product/RocketRacer/Content/' took 0.00s
[2020.03.05-23.56.06:260][  0]LogCook: Display: Max memory allowance for cook 16384mb min free memory 0mb
[2020.03.05-23.56.06:260][  0]LogCook: Display: Mobile HDR setting 1
[2020.03.05-23.56.06:901][  0]SourceControl: Source control is disabled
[2020.03.05-23.56.06:902][  0]Cmd: MAP LOAD FILE="../../../../../../Andrew/School/Grade 12/ISM/Final Product/RocketRacer/Content/VehicleAdvBP/Maps/VehicleAdvExampleMap.umap" TEMPLATE=0 SHOWPROGRESS=1 FEATURELEVEL=3
[2020.03.05-23.56.06:902][  0]LightingResults: New page: Lighting Build
[2020.03.05-23.56.06:903][  0]LogWorld: UWorld::CleanupWorld for Untitled, bSessionEnded=true, bCleanupResources=true
[2020.03.05-23.56.06:903][  0]LogSlate: InvalidateAllWidgets triggered.  All widgets were invalidated
[2020.03.05-23.56.06:903][  0]MapCheck: New page: Map Check
[2020.03.05-23.56.06:903][  0]LightingResults: New page: Lighting Build
[2020.03.05-23.56.06:931][  0]LogUObjectHash: Compacting FUObjectHashTables data took   1.93ms
[2020.03.05-23.56.07:049][  0]LogBlueprint: Warning: [Compiler VehicleBlueprint] Input Axis Event references unknown Axis 'RotateForwards' for  InputAxis RotateForwards
[2020.03.05-23.56.07:050][  0]LogBlueprint: Warning: [Compiler VehicleBlueprint] Input Axis Event references unknown Axis 'RotateSideways' for  InputAxis RotateSideways
[2020.03.05-23.56.07:050][  0]LogBlueprint: Warning: [Compiler VehicleBlueprint] Input Axis Event references unknown Axis 'ThrustBackward' for  InputAxis ThrustBackward
[2020.03.05-23.56.07:051][  0]LogBlueprint: Warning: [Compiler VehicleBlueprint] Input Axis Event references unknown Axis 'ThrustForward' for  InputAxis ThrustForward
[2020.03.05-23.56.07:051][  0]LogBlueprint: Warning: [Compiler VehicleBlueprint] InputAction Event references unknown Action 'ThrustLeft' for  InputAction ThrustLeft
[2020.03.05-23.56.07:051][  0]LogBlueprint: Warning: [Compiler VehicleBlueprint] InputAction Event references unknown Action 'ThrustRight' for  InputAction ThrustRight
[2020.03.05-23.56.07:051][  0]LogBlueprint: Warning: [Compiler VehicleBlueprint] InputAction Event references unknown Action 'ThrustDown' for  InputAction ThrustDown
[2020.03.05-23.56.07:051][  0]LogBlueprint: Warning: [Compiler VehicleBlueprint] InputAction Event references unknown Action 'ThrustUp' for  InputAction ThrustUp
[2020.03.05-23.56.07:508][  0]LogAIModule: Creating AISystem for world VehicleAdvExampleMap
[2020.03.05-23.56.07:557][  0]LogEditorServer: Finished looking for orphan Actors (0.000 secs)
[2020.03.05-23.56.07:592][  0]LogUObjectHash: Compacting FUObjectHashTables data took   2.53ms
[2020.03.05-23.56.07:593][  0]Cmd: MAP CHECKDEP NOCLEARLOG
[2020.03.05-23.56.07:593][  0]MapCheck: Map check complete: 0 Error(s), 0 Warning(s), took 0.169ms to complete.
[2020.03.05-23.56.07:593][  0]LogFileHelpers: Loading map 'VehicleAdvExampleMap' took 0.692
[2020.03.05-23.56.07:770][  0]LogSlate: Updating window title bar state: overlay mode, drag disabled, window buttons hidden, title bar hidden
[2020.03.05-23.56.07:779][  0]LogSlate: Updating window title bar state: overlay mode, drag disabled, window buttons hidden, title bar hidden
[2020.03.05-23.56.07:788][  0]LogSlate: Updating window title bar state: overlay mode, drag disabled, window buttons hidden, title bar hidden
[2020.03.05-23.56.07:797][  0]LogSlate: Updating window title bar state: overlay mode, drag disabled, window buttons hidden, title bar hidden
[2020.03.05-23.56.07:802][  0]LogCollectionManager: Loaded 0 collections in 0.002071 seconds
[2020.03.05-23.56.07:821][  0]LogFileCache: Scanning file cache for directory 'C:/Andrew/School/Grade 12/ISM/Final Product/RocketRacer/Saved/Collections/' took 0.00s
[2020.03.05-23.56.07:821][  0]LogFileCache: Scanning file cache for directory 'C:/Andrew/School/Grade 12/ISM/Final Product/RocketRacer/Content/Developers/andre/Collections/' took 0.00s
[2020.03.05-23.56.07:821][  0]LogFileCache: Scanning file cache for directory 'C:/Andrew/School/Grade 12/ISM/Final Product/RocketRacer/Content/Collections/' took 0.00s
[2020.03.05-23.56.07:821][  0]LogContentBrowser: Native class hierarchy populated in 0.0150 seconds. Added 3028 classes and 729 folders.
[2020.03.05-23.56.07:825][  0]LogContentBrowser: Native class hierarchy updated for 'WidgetCarousel' in 0.0003 seconds. Added 0 classes and 0 folders.
[2020.03.05-23.56.07:874][  0]LogContentBrowser: Native class hierarchy updated for 'AddContentDialog' in 0.0004 seconds. Added 0 classes and 0 folders.
[2020.03.05-23.56.07:877][  0]LogContentBrowser: Native class hierarchy updated for 'SceneOutliner' in 0.0004 seconds. Added 2 classes and 3 folders.
[2020.03.05-23.56.08:230][  0]LogSlate: Took 0.000576 seconds to synchronously load lazily loaded font '../../../Engine/Content/Slate/Fonts/Roboto-Regular.ttf' (155K)
[2020.03.05-23.56.08:234][  0]LogSlate: Took 0.000245 seconds to synchronously load lazily loaded font '../../../Engine/Content/Slate/Fonts/Roboto-Bold.ttf' (160K)
[2020.03.05-23.56.08:242][  0]LogSlate: Took 0.000290 seconds to synchronously load lazily loaded font '../../../Engine/Content/Editor/Slate/Fonts/FontAwesome.ttf' (139K)
[2020.03.05-23.56.08:318][  0]LogRenderer: Reallocating scene render targets to support 796x508 Format 10 NumSamples 1 (Frame:1).
[2020.03.05-23.56.08:486][  0]LogContentBrowser: Native class hierarchy updated for 'HierarchicalLODOutliner' in 0.0004 seconds. Added 0 classes and 0 folders.
[2020.03.05-23.56.08:486][  0]LogLoad: (Engine Initialization) Total time: 10.33 seconds
[2020.03.05-23.56.08:486][  0]LogLoad: (Engine Initialization) Total Blueprint compile time: 0.00 seconds
[2020.03.05-23.56.08:501][  0]LogRawInputWindows: Warning: Found device 33 devices
[2020.03.05-23.56.08:502][  0]LogRawInputWindows: Warning: Found device 33 devices
[2020.03.05-23.56.08:502][  0]LogRawInputWindows: Warning: Device was registered succesfully but not connected (Usage:4 UsagePage:1)
[2020.03.05-23.56.08:502][  0]LogRawInputWindows: Warning: Found device 33 devices
[2020.03.05-23.56.08:503][  0]LogRawInputWindows: Warning: Device was registered succesfully but not connected (Usage:5 UsagePage:1)
[2020.03.05-23.56.08:572][  0]LogContentStreaming: Texture pool size now 1000 MB
[2020.03.05-23.56.08:606][  1]LogAssetRegistry: Asset discovery search completed in 5.7528 seconds
[2020.03.05-23.56.08:614][  1]LogCollectionManager: Fixed up redirectors for 0 collections in 0.000019 seconds (updated 0 objects)
[2020.03.05-23.57.18:112][493]LogSlate: Window 'Plugins' being destroyed
[2020.03.05-23.57.18:117][493]LogSlate: Window 'Plugins' being destroyed
[2020.03.05-23.57.18:117][493]LogDirectoryWatcher: A directory notification for '../../../Engine/Plugins/' was aborted.
[2020.03.05-23.57.45:876][458]Cmd: DELETE
[2020.03.05-23.57.45:876][458]Cmd: ACTOR DELETE
[2020.03.05-23.57.45:910][458]LogEditorActor: Deleted Actor: GravitySurface_C
[2020.03.05-23.57.45:948][458]LogUObjectHash: Compacting FUObjectHashTables data took   2.04ms
[2020.03.05-23.57.45:950][458]LogEditorActor: Deleted 1 Actors (0.066 secs)
[2020.03.05-23.57.57:992][479]LogEditorViewport: Clicking on Actor (LMB): VehicleBlueprint_C (VehicleBlueprint)
[2020.03.05-23.58.14:893][193]LogSlate: Window 'Editor Preferences' being destroyed
[2020.03.05-23.58.14:908][193]LogSlate: Window 'Editor Preferences' being destroyed
[2020.03.05-23.59.09:353][339]LogSlate: Took 0.000531 seconds to synchronously load lazily loaded font '../../../Engine/Content/Slate/Fonts/Roboto-Light.ttf' (167K)
[2020.03.05-23.59.09:434][339]LogUObjectHash: Compacting FUObjectHashTables data took   1.84ms
[2020.03.05-23.59.09:734][339]LogSavePackage: Moving '../../../../../../Andrew/School/Grade 12/ISM/Final Product/RocketRacer/Saved/VehicleAdvExampleMap27678B79432C09AA4EEAA586E68B3321.tmp' to '../../../../../../Andrew/School/Grade 12/ISM/Final Product/RocketRacer/Content/VehicleAdvBP/Maps/VehicleAdvExampleMap.umap'
[2020.03.05-23.59.10:830][339]LogSavePackage: Moving '../../../../../../Andrew/School/Grade 12/ISM/Final Product/RocketRacer/Saved/VehicleAdvExampleMap_BuiltDataA5E09CA8427CBFAB180EE5870A4CAA90.tmp' to '../../../../../../Andrew/School/Grade 12/ISM/Final Product/RocketRacer/Content/VehicleAdvBP/Maps/VehicleAdvExampleMap_BuiltData.uasset'
[2020.03.05-23.59.10:853][339]AssetCheck: New page: Asset Save: multiple assets
[2020.03.05-23.59.10:853][339]LogContentValidation: Display: Validating World /Game/VehicleAdvBP/Maps/VehicleAdvExampleMap.VehicleAdvExampleMap
[2020.03.05-23.59.10:853][339]LogContentValidation: Display: Validating MapBuildDataRegistry /Game/VehicleAdvBP/Maps/VehicleAdvExampleMap_BuiltData.VehicleAdvExampleMap_BuiltData
[2020.03.05-23.59.32:960][910]LogSlate: WidgetSwitcher ('None') active index changed to -1
[2020.03.05-23.59.32:960][910]LogSlate: WidgetSwitcher ('None') active index changed to 0
[2020.03.05-23.59.33:150][910]LogSlate: Took 0.000241 seconds to synchronously load lazily loaded font '../../../Engine/Content/Slate/Fonts/Roboto-BoldCondensed.ttf' (158K)
[2020.03.05-23.59.37:614][118]LogSlate: WidgetSwitcher ('None') active index changed to 1
[2020.03.05-23.59.50:323][806]LogSlate: Window 'Add C++ Class' being destroyed
[2020.03.06-00.00.11:054][582]LogUObjectHash: Compacting FUObjectHashTables data took   2.42ms
[2020.03.06-00.00.11:327][582]LogSavePackage: Moving '../../../../../../Andrew/School/Grade 12/ISM/Final Product/RocketRacer/Saved/VehicleAdvExampleMap4E4CC1DB40FB7185F54361B0F2703499.tmp' to '../../../../../../Andrew/School/Grade 12/ISM/Final Product/RocketRacer/Content/VehicleAdvBP/Maps/VehicleAdvExampleMap.umap'
[2020.03.06-00.00.11:980][582]LogSavePackage: Moving '../../../../../../Andrew/School/Grade 12/ISM/Final Product/RocketRacer/Saved/VehicleAdvExampleMap_BuiltDataADC0E1F1484068E1DFCAF886B3566718.tmp' to '../../../../../../Andrew/School/Grade 12/ISM/Final Product/RocketRacer/Content/VehicleAdvBP/Maps/VehicleAdvExampleMap_BuiltData.uasset'
[2020.03.06-00.00.12:020][582]AssetCheck: New page: Asset Save: multiple assets
[2020.03.06-00.00.12:021][582]LogContentValidation: Display: Validating World /Game/VehicleAdvBP/Maps/VehicleAdvExampleMap.VehicleAdvExampleMap
[2020.03.06-00.00.12:021][582]LogContentValidation: Display: Validating MapBuildDataRegistry /Game/VehicleAdvBP/Maps/VehicleAdvExampleMap_BuiltData.VehicleAdvExampleMap_BuiltData
[2020.03.06-00.00.16:653][847]LogAssetEditorSubsystem: Opening Asset editor for Blueprint /Game/Tracks/Elements/Checkpoint.Checkpoint
[2020.03.06-00.00.16:898][847]LogContentBrowser: Native class hierarchy updated for 'BlueprintGraph' in 0.0007 seconds. Added 121 classes and 0 folders.
[2020.03.06-00.00.24:632][152]LogAssetEditorSubsystem: Opening Asset editor for LevelScriptBlueprint /Game/VehicleAdvBP/Maps/VehicleAdvExampleMap.VehicleAdvExampleMap:PersistentLevel.VehicleAdvExampleMap
[2020.03.06-00.00.29:357][329]LogAssetEditorSubsystem: Opening Asset editor for Blueprint /Game/Tracks/Elements/CheckpointTracker.CheckpointTracker
[2020.03.06-00.00.29:859][330]LogSlate: Took 0.000265 seconds to synchronously load lazily loaded font '../../../Engine/Content/Slate/Fonts/Roboto-Italic.ttf' (157K)
[2020.03.06-00.00.44:337][  5]LogAssetEditorSubsystem: Opening Asset editor for Blueprint /Game/VehicleAdvBP/Blueprints/VehicleAdvGameMode.VehicleAdvGameMode
[2020.03.06-00.00.47:059][103]LogWorld: UWorld::CleanupWorld for World_6, bSessionEnded=true, bCleanupResources=true
[2020.03.06-00.00.47:059][103]LogSlate: InvalidateAllWidgets triggered.  All widgets were invalidated
[2020.03.06-00.00.47:152][103]LogAssetEditorSubsystem: Opening Asset editor for Blueprint /Game/VehicleAdvBP/Blueprints/VehicleAdvGameMode.VehicleAdvGameMode
[2020.03.06-00.00.49:776][183]LogWorld: UWorld::CleanupWorld for World_7, bSessionEnded=true, bCleanupResources=true
[2020.03.06-00.00.49:776][183]LogSlate: InvalidateAllWidgets triggered.  All widgets were invalidated
[2020.03.06-00.00.52:103][263]LogWorld: UWorld::CleanupWorld for World_4, bSessionEnded=true, bCleanupResources=true
[2020.03.06-00.00.52:104][263]LogSlate: InvalidateAllWidgets triggered.  All widgets were invalidated
[2020.03.06-00.01.24:746][300]LogSlate: Window 'CheckpointTracker' being destroyed
[2020.03.06-00.01.24:754][300]LogSlate: Window 'CheckpointTracker' being destroyed
[2020.03.06-00.01.24:803][300]LogActorComponent: UnregisterComponent: (/Engine/Transient.EditorFloorComp) Not registered. Aborting.
[2020.03.06-00.01.24:803][300]LogWorld: UWorld::CleanupWorld for World_2, bSessionEnded=true, bCleanupResources=true
[2020.03.06-00.01.24:803][300]LogSlate: InvalidateAllWidgets triggered.  All widgets were invalidated
[2020.03.06-00.01.24:899][300]LogActorComponent: UnregisterComponent: (/Engine/Transient.EditorFloorComp) Not registered. Aborting.
[2020.03.06-00.01.24:899][300]LogWorld: UWorld::CleanupWorld for World_5, bSessionEnded=true, bCleanupResources=true
[2020.03.06-00.01.24:899][300]LogSlate: InvalidateAllWidgets triggered.  All widgets were invalidated
[2020.03.06-00.02.44:654][661]MapCheck: New page: Map Check
[2020.03.06-00.02.44:698][661]Cmd: MAP REBUILD ALLVISIBLE
[2020.03.06-00.02.44:699][661]LogEditorServer: Rebuildmap Clear paths rebuilt
[2020.03.06-00.02.44:725][661]LogWorld: UWorld::CleanupWorld for VehicleAdvExampleMap, bSessionEnded=true, bCleanupResources=false
[2020.03.06-00.02.44:852][661]LogUObjectHash: Compacting FUObjectHashTables data took   3.93ms
[2020.03.06-00.02.44:872][661]LogMaterial: Display: Missing cached shader map for material DebugViewMode MaterialTexCoordScale, compiling. 
[2020.03.06-00.02.44:904][661]LogShaderCompilers: Display: Worker (1/5): shaders left to compile 2
[2020.03.06-00.02.44:904][661]LogShaderCompilers: Display: Worker (2/5): shaders left to compile 1
[2020.03.06-00.02.44:904][661]LogMaterial: Display: Missing cached shader map for material DebugViewMode MaterialTexCoordScale, compiling. 
[2020.03.06-00.02.44:933][661]LogShaderCompilers: Display: Worker (3/5): shaders left to compile 2
[2020.03.06-00.02.44:933][661]LogShaderCompilers: Display: Worker (4/5): shaders left to compile 1
[2020.03.06-00.02.44:933][661]LogMaterial: Display: Missing cached shader map for material DebugViewMode MaterialTexCoordScale, compiling. 
[2020.03.06-00.02.44:976][661]LogMaterial: Display: Missing cached shader map for material DebugViewMode MaterialTexCoordScale, compiling. 
[2020.03.06-00.02.45:002][661]LogMaterial: Display: Missing cached shader map for material DebugViewMode MaterialTexCoordScale, compiling. Is special engine material.
[2020.03.06-00.02.45:064][661]LogMaterial: Display: Missing cached shader map for material DebugViewMode MaterialTexCoordScale, compiling. 
[2020.03.06-00.02.45:087][661]LogMaterial: Display: Missing cached shader map for material DebugViewMode MaterialTexCoordScale, compiling. 
[2020.03.06-00.02.45:108][661]LogMaterial: Display: Missing cached shader map for material DebugViewMode MaterialTexCoordScale, compiling. 
[2020.03.06-00.02.45:127][661]LogMaterial: Display: Missing cached shader map for material DebugViewMode MaterialTexCoordScale, compiling. 
[2020.03.06-00.02.45:160][661]LogMaterial: Display: Missing cached shader map for material DebugViewMode MaterialTexCoordScale, compiling. 
[2020.03.06-00.02.45:192][661]LogMaterial: Display: Missing cached shader map for material DebugViewMode MaterialTexCoordScale, compiling. 
[2020.03.06-00.02.45:217][661]LogShaderCompilers: Display: Worker (3/5): shaders left to compile 54
[2020.03.06-00.02.45:217][661]LogMaterial: Display: Missing cached shader map for material DebugViewMode MaterialTexCoordScale, compiling. 
[2020.03.06-00.02.45:241][661]LogMaterial: Display: Missing cached shader map for material DebugViewMode MaterialTexCoordScale, compiling. 
[2020.03.06-00.02.49:330][661]LogShaderCompilers: Display: Worker (1/5): shaders left to compile 57
[2020.03.06-00.02.49:331][661]LogShaderCompilers: Display: Worker (2/5): shaders left to compile 56
[2020.03.06-00.02.49:331][661]LogShaderCompilers: Display: Worker (4/5): shaders left to compile 55
[2020.03.06-00.02.49:331][661]LogShaderCompilers: Display: Worker (3/5): shaders left to compile 54
[2020.03.06-00.02.49:331][661]LogShaderCompilers: Display: Worker (1/5): shaders left to compile 53
[2020.03.06-00.02.49:331][661]LogShaderCompilers: Display: Worker (4/5): shaders left to compile 52
[2020.03.06-00.02.49:331][661]LogShaderCompilers: Display: Worker (2/5): shaders left to compile 51
[2020.03.06-00.02.49:331][661]LogShaderCompilers: Display: Worker (1/5): shaders left to compile 50
[2020.03.06-00.02.49:331][661]LogShaderCompilers: Display: Worker (3/5): shaders left to compile 49
[2020.03.06-00.02.49:331][661]LogShaderCompilers: Display: Worker (2/5): shaders left to compile 48
[2020.03.06-00.02.49:331][661]LogShaderCompilers: Display: Worker (4/5): shaders left to compile 47
[2020.03.06-00.02.49:331][661]LogShaderCompilers: Display: Worker (3/5): shaders left to compile 46
[2020.03.06-00.02.49:331][661]LogShaderCompilers: Display: Worker (1/5): shaders left to compile 45
[2020.03.06-00.02.49:331][661]LogShaderCompilers: Display: Worker (4/5): shaders left to compile 44
[2020.03.06-00.02.49:331][661]LogShaderCompilers: Display: Worker (2/5): shaders left to compile 43
[2020.03.06-00.02.49:331][661]LogShaderCompilers: Display: Worker (1/5): shaders left to compile 42
[2020.03.06-00.02.49:331][661]LogShaderCompilers: Display: Worker (3/5): shaders left to compile 41
[2020.03.06-00.02.49:331][661]LogShaderCompilers: Display: Worker (4/5): shaders left to compile 40
[2020.03.06-00.02.49:331][661]LogShaderCompilers: Display: Worker (2/5): shaders left to compile 39
[2020.03.06-00.02.49:331][661]LogShaderCompilers: Display: Worker (1/5): shaders left to compile 38
[2020.03.06-00.02.49:332][661]LogShaderCompilers: Display: Worker (3/5): shaders left to compile 37
[2020.03.06-00.02.49:332][661]LogShaderCompilers: Display: Worker (4/5): shaders left to compile 36
[2020.03.06-00.02.49:332][661]LogShaderCompilers: Display: Worker (2/5): shaders left to compile 35
[2020.03.06-00.02.49:332][661]LogShaderCompilers: Display: Worker (1/5): shaders left to compile 34
[2020.03.06-00.02.49:332][661]LogShaderCompilers: Display: Worker (3/5): shaders left to compile 33
[2020.03.06-00.02.49:332][661]LogShaderCompilers: Display: Worker (2/5): shaders left to compile 32
[2020.03.06-00.02.49:332][661]LogShaderCompilers: Display: Worker (4/5): shaders left to compile 31
[2020.03.06-00.02.49:332][661]LogShaderCompilers: Display: Worker (1/5): shaders left to compile 30
[2020.03.06-00.02.49:332][661]LogShaderCompilers: Display: Worker (3/5): shaders left to compile 29
[2020.03.06-00.02.49:332][661]LogShaderCompilers: Display: Worker (4/5): shaders left to compile 28
[2020.03.06-00.02.49:332][661]LogShaderCompilers: Display: Worker (2/5): shaders left to compile 27
[2020.03.06-00.02.49:332][661]LogShaderCompilers: Display: Worker (3/5): shaders left to compile 26
[2020.03.06-00.02.49:332][661]LogShaderCompilers: Display: Worker (1/5): shaders left to compile 25
[2020.03.06-00.02.49:332][661]LogShaderCompilers: Display: Worker (2/5): shaders left to compile 24
[2020.03.06-00.02.49:332][661]LogShaderCompilers: Display: Worker (4/5): shaders left to compile 23
[2020.03.06-00.02.49:332][661]LogShaderCompilers: Display: Worker (1/5): shaders left to compile 22
[2020.03.06-00.02.49:332][661]LogShaderCompilers: Display: Worker (3/5): shaders left to compile 21
[2020.03.06-00.02.49:332][661]LogShaderCompilers: Display: Worker (2/5): shaders left to compile 20
[2020.03.06-00.02.49:332][661]LogShaderCompilers: Display: Worker (4/5): shaders left to compile 19
[2020.03.06-00.02.49:333][661]LogShaderCompilers: Display: Worker (3/5): shaders left to compile 18
[2020.03.06-00.02.49:333][661]LogShaderCompilers: Display: Worker (1/5): shaders left to compile 17
[2020.03.06-00.02.49:333][661]LogShaderCompilers: Display: Worker (2/5): shaders left to compile 16
[2020.03.06-00.02.49:333][661]LogShaderCompilers: Display: Worker (4/5): shaders left to compile 15
[2020.03.06-00.02.49:333][661]LogShaderCompilers: Display: Worker (3/5): shaders left to compile 14
[2020.03.06-00.02.49:333][661]LogShaderCompilers: Display: Worker (1/5): shaders left to compile 13
[2020.03.06-00.02.49:333][661]LogShaderCompilers: Display: Worker (2/5): shaders left to compile 12
[2020.03.06-00.02.49:333][661]LogShaderCompilers: Display: Worker (3/5): shaders left to compile 11
[2020.03.06-00.02.49:333][661]LogShaderCompilers: Display: Worker (4/5): shaders left to compile 10
[2020.03.06-00.02.49:333][661]LogShaderCompilers: Display: Worker (1/5): shaders left to compile 9
[2020.03.06-00.02.49:333][661]LogShaderCompilers: Display: Worker (3/5): shaders left to compile 8
[2020.03.06-00.02.49:333][661]LogShaderCompilers: Display: Worker (2/5): shaders left to compile 7
[2020.03.06-00.02.49:333][661]LogShaderCompilers: Display: Worker (1/5): shaders left to compile 6
[2020.03.06-00.02.49:333][661]LogShaderCompilers: Display: Worker (4/5): shaders left to compile 5
[2020.03.06-00.02.49:333][661]LogShaderCompilers: Display: Worker (1/5): shaders left to compile 4
[2020.03.06-00.02.49:333][661]LogShaderCompilers: Display: Worker (3/5): shaders left to compile 3
[2020.03.06-00.02.49:333][661]LogShaderCompilers: Display: Worker (2/5): shaders left to compile 2
[2020.03.06-00.02.49:333][661]LogShaderCompilers: Display: Worker (4/5): shaders left to compile 1
[2020.03.06-00.02.49:333][661]TextureStreamingBuild: Display: Compiling optional shaders took 4.474 seconds.
[2020.03.06-00.02.49:367][661]LogLevel: Display: Export Material TexCoord Scales took 0.033 seconds.
[2020.03.06-00.02.49:382][661]TextureStreamingBuild: Display: Build Texture Streaming took 0.015 seconds.
[2020.03.06-00.02.49:437][661]LogUObjectHash: Compacting FUObjectHashTables data took   0.93ms
[2020.03.06-00.02.49:443][661]LightingResults: New page: Lighting Build - Mar 5, 2020, 12:02:49 PM
[2020.03.06-00.02.49:494][661]LogSwarmInterface: [OpenConnection] Registering TCP channel ...
[2020.03.06-00.02.49:562][661]LogSwarmInterface: [OpenConnection] Connecting to agent ...
[2020.03.06-00.02.49:596][661]LogSwarmInterface: [TryOpenConnection] Testing the Agent
[2020.03.06-00.02.50:129][661]LogSwarmInterface: [TryOpenConnection] Opening Connection to Agent
[2020.03.06-00.02.50:129][661]LogSwarmInterface: [TryOpenConnection] Local Process ID is 12620
[2020.03.06-00.02.57:536][661]LogStaticLightingSystem: Running Lightmass w/ ImmediateImport mode ENABLED
[2020.03.06-00.02.57:536][661]LogStaticLightingSystem: Running Lightmass w/ ImmediateProcess mode ENABLED
[2020.03.06-00.02.57:536][661]LogStaticLightingSystem: Running Lightmass w/ Sorting mode ENABLED
[2020.03.06-00.02.57:536][661]LogStaticLightingSystem: Running Lightmass w/ Mapping paddings ENABLED
[2020.03.06-00.02.57:536][661]LogStaticLightingSystem: Running Lightmass w/ Mapping debug paddings DISABLED
[2020.03.06-00.02.57:821][661]Cmd: MAP CHECK DONTDISPLAYDIALOG
[2020.03.06-00.02.57:821][661]MapCheck: New page: VehicleAdvExampleMap - Mar 5, 2020, 12:02:57 PM
[2020.03.06-00.02.57:821][661]MapCheck: Error: WorldSettings_1 Maps need lighting rebuilt 
[2020.03.06-00.02.57:825][661]MapCheck: Map check complete: 1 Error(s), 0 Warning(s), took 3.83ms to complete.
[2020.03.06-00.02.57:827][661]LogEditorBuildUtils: Build time 0:13
[2020.03.06-00.02.58:779][665]LogUObjectHash: Compacting FUObjectHashTables data took   4.48ms
[2020.03.06-00.03.07:795][  4]LogSlate: Window 'Message Log' being destroyed
[2020.03.06-00.03.07:804][  4]LogSlate: Window 'Message Log' being destroyed
[2020.03.06-00.03.19:553][479]LogUObjectHash: Compacting FUObjectHashTables data took   3.92ms
[2020.03.06-00.03.20:050][479]LogSavePackage: Moving '../../../../../../Andrew/School/Grade 12/ISM/Final Product/RocketRacer/Saved/VehicleAdvExampleMapF67DAAEE49064AE8DFB2D88558B08D20.tmp' to '../../../../../../Andrew/School/Grade 12/ISM/Final Product/RocketRacer/Content/VehicleAdvBP/Maps/VehicleAdvExampleMap.umap'
[2020.03.06-00.03.21:084][479]LogSavePackage: Moving '../../../../../../Andrew/School/Grade 12/ISM/Final Product/RocketRacer/Saved/VehicleAdvExampleMap_BuiltDataD7B7D3504268E99513C2AFA1052CD21F.tmp' to '../../../../../../Andrew/School/Grade 12/ISM/Final Product/RocketRacer/Content/VehicleAdvBP/Maps/VehicleAdvExampleMap_BuiltData.uasset'
[2020.03.06-00.03.21:127][479]AssetCheck: New page: Asset Save: multiple assets
[2020.03.06-00.03.21:127][479]LogContentValidation: Display: Validating World /Game/VehicleAdvBP/Maps/VehicleAdvExampleMap.VehicleAdvExampleMap
[2020.03.06-00.03.21:127][479]LogContentValidation: Display: Validating MapBuildDataRegistry /Game/VehicleAdvBP/Maps/VehicleAdvExampleMap_BuiltData.VehicleAdvExampleMap_BuiltData
[2020.03.06-00.03.25:938][712]LogAssetEditorSubsystem: Opening Asset editor for Blueprint /Game/VehicleAdvBP/Blueprints/VehicleBlueprint.VehicleBlueprint
[2020.03.06-00.03.31:763][831]Job is a success!
[2020.03.06-00.03.32:270][832]LogVolumetricLightmapImport: Imported Volumetric Lightmap in 0.107s
[2020.03.06-00.03.32:270][832]LogVolumetricLightmapImport:      Indirection Texture 32x32x16 = 0.1Mb
[2020.03.06-00.03.32:270][832]LogVolumetricLightmapImport:      BrickData (all levels) 3.8Mb (trimmed 0.0Mb due to 0.010000 MinBrickError)
[2020.03.06-00.03.32:270][832]LogVolumetricLightmapImport:      Bricks at depth
[2020.03.06-00.03.32:270][832]LogVolumetricLightmapImport:          0: 0.5% covering 100.0% of volume
[2020.03.06-00.03.32:270][832]LogVolumetricLightmapImport:          1: 6.3% covering 18.4% of volume
[2020.03.06-00.03.32:270][832]LogVolumetricLightmapImport:          2: 93.2% covering 4.2% of volume
[2020.03.06-00.03.32:270][832]LogVolumetricLightmapImport:      Bricks in each level
[2020.03.06-00.03.32:270][832]LogVolumetricLightmapImport:          VehicleAdvExampleMap 			 745 bricks 	 100.0% (Persistent Level)
[2020.03.06-00.03.34:672][832]LogTexture: Display: Building textures: SkyOcclusion0_1 (AutoDXT, 2048X1024)
[2020.03.06-00.03.34:672][832]LogTexture: Display: Building textures: HQ_Lightmap0_1 (AutoDXT, 2048X2048)
[2020.03.06-00.03.34:672][832]LogTexture: Display: Building textures: LQ_Lightmap_0_1 (DXT1, 2048X2048)
[2020.03.06-00.03.34:672][832]LogTexture: Display: Building textures: SkyOcclusion0_2 (AutoDXT, 1024X512)
[2020.03.06-00.03.34:672][832]LogTexture: Display: Building textures: HQ_Lightmap0_2 (AutoDXT, 1024X1024)
[2020.03.06-00.03.34:672][832]LogTexture: Display: Building textures: LQ_Lightmap_0_2 (DXT1, 1024X1024)
[2020.03.06-00.03.34:672][832]LogTexture: Display: Building textures: SkyOcclusion0_3 (AutoDXT, 1024X512)
[2020.03.06-00.03.34:672][832]LogTexture: Display: Building textures: HQ_Lightmap0_3 (AutoDXT, 1024X1024)
[2020.03.06-00.03.34:672][832]LogTexture: Display: Building textures: LQ_Lightmap_0_3 (DXT1, 1024X1024)
[2020.03.06-00.03.34:672][832]LogTexture: Display: Building textures: SkyOcclusion0_4 (AutoDXT, 1024X512)
[2020.03.06-00.03.34:672][832]LogTexture: Display: Building textures: HQ_Lightmap0_4 (AutoDXT, 1024X1024)
[2020.03.06-00.03.34:672][832]LogTexture: Display: Building textures: LQ_Lightmap_0_4 (DXT1, 1024X1024)
[2020.03.06-00.03.34:672][832]LogTexture: Display: Building textures: SkyOcclusion0_5 (AutoDXT, 1024X512)
[2020.03.06-00.03.34:672][832]LogTexture: Display: Building textures: HQ_Lightmap0_5 (AutoDXT, 1024X1024)
[2020.03.06-00.03.34:672][832]LogTexture: Display: Building textures: LQ_Lightmap_0_5 (DXT1, 1024X1024)
[2020.03.06-00.03.34:672][832]LogTexture: Display: Building textures: SkyOcclusion0_6 (AutoDXT, 1024X512)
[2020.03.06-00.03.34:672][832]LogTexture: Display: Building textures: HQ_Lightmap0_6 (AutoDXT, 1024X1024)
[2020.03.06-00.03.34:672][832]LogTexture: Display: Building textures: LQ_Lightmap_0_6 (DXT1, 1024X1024)
[2020.03.06-00.03.34:672][832]LogTexture: Display: Building textures: SkyOcclusion0_7 (AutoDXT, 512X256)
[2020.03.06-00.03.34:673][832]LogTexture: Display: Building textures: HQ_Lightmap0_7 (AutoDXT, 512X512)
[2020.03.06-00.03.34:673][832]LogTexture: Display: Building textures: LQ_Lightmap_0_7 (DXT1, 512X512)
[2020.03.06-00.03.34:673][832]LogTexture: Display: Building textures: SkyOcclusion0_8 (AutoDXT, 256X128)
[2020.03.06-00.03.34:673][832]LogTexture: Display: Building textures: HQ_Lightmap0_8 (AutoDXT, 256X256)
[2020.03.06-00.03.34:673][832]LogTexture: Display: Building textures: LQ_Lightmap_0_8 (DXT1, 256X256)
[2020.03.06-00.03.34:673][832]LogTexture: Display: Building textures: SkyOcclusion0_9 (AutoDXT, 64X32)
[2020.03.06-00.03.34:673][832]LogTexture: Display: Building textures: HQ_Lightmap0_9 (AutoDXT, 64X64)
[2020.03.06-00.03.34:673][832]LogTexture: Display: Building textures: LQ_Lightmap_0_9 (DXT1, 64X64)
[2020.03.06-00.03.34:873][832]LogTexture: Display: Building textures: ShadowMapTexture2D_5 (G8, 256X128)
[2020.03.06-00.03.34:873][832]LogTexture: Display: Building textures: ShadowMapTexture2D_13 (G8, 128X32)
[2020.03.06-00.03.34:873][832]LogTexture: Display: Building textures: ShadowMapTexture2D_2 (G8, 1024X256)
[2020.03.06-00.03.34:873][832]LogTexture: Display: Building textures: ShadowMapTexture2D_4 (G8, 1024X512)
[2020.03.06-00.03.35:043][832]LogTexture: Display: Building textures: ShadowMapTexture2D_0 (G8, 1024X1024)
[2020.03.06-00.03.35:043][832]LogTexture: Display: Building textures: ShadowMapTexture2D_1 (G8, 1024X1024)
[2020.03.06-00.03.35:043][832]LogTexture: Display: Building textures: ShadowMapTexture2D_3 (G8, 1024X1024)
[2020.03.06-00.03.35:043][832]Lightmass on DESKTOP-O2BFK72: 35.4 sec total, 796 ms importing, 368 ms setup, 5.34 sec photons, 28.9 sec processing, 0 ms extra exporting [153/153 mappings]. Threads: 3:22 min total, 55.9 sec processing.
[2020.03.06-00.03.35:044][832]LogStaticLightingSystem: VehicleAdvExampleMap_BuiltData storing lightmap data for 161 meshes in 21 LightmapResourceClusters (7.7 Meshes per cluster).
[2020.03.06-00.03.35:101][832]LogUObjectHash: Compacting FUObjectHashTables data took   4.78ms
[2020.03.06-00.03.35:157][832]LogStaticLightingSystem: Illumination: 45.5 sec (2.10 sec encoding lightmaps, 339 ms encoding shadowmaps)
[2020.03.06-00.03.35:157][832]LogStaticLightingSystem: Lightmap texture memory:  24.8 MB (14.2 MB streaming, 10.7 MB non-streaming), 18 textures
[2020.03.06-00.03.35:157][832]LogStaticLightingSystem: Shadowmap texture memory: 5.0 MB (3.7 MB streaming, 1.3 MB non-streaming), 7 textures
[2020.03.06-00.03.40:568][832]DumpUnbuiltLightIteractions
[2020.03.06-00.03.40:568][832]Lights with unbuilt interactions: 0
[2020.03.06-00.03.40:568][832]
[2020.03.06-00.03.40:568][832]Primitives with unbuilt interactions: 0
[2020.03.06-00.03.41:017][833]Cmd: MAP CHECK NOTIFYRESULTS
[2020.03.06-00.03.41:017][833]MapCheck: New page: VehicleAdvExampleMap - Mar 5, 2020, 12:03:41 PM
[2020.03.06-00.03.41:018][833]MapCheck: Map check complete: 0 Error(s), 0 Warning(s), took 1.248ms to complete.
[2020.03.06-00.03.55:398][284]LogSlate: Took 0.010012 seconds to synchronously load lazily loaded font '../../../Engine/Content/Slate/Fonts/Roboto-BoldCondensedItalic.ttf' (160K)
