Log file open, 04/17/20 21:26:40
LogWindows: Failed to load 'aqProf.dll' (GetLastError=126)
LogWindows: File 'aqProf.dll' does not exist
LogWindows: Failed to load 'VtuneApi.dll' (GetLastError=126)
LogWindows: File 'VtuneApi.dll' does not exist
LogWindows: Failed to load 'VtuneApi32e.dll' (GetLastError=126)
LogWindows: File 'VtuneApi32e.dll' does not exist
LogConsoleResponse: Display: Failed to find resolution value strings in scalability ini. Falling back to default.
LogInit: Display: Running engine for game: RocketRacer
LogPlatformFile: Not using cached read wrapper
LogTaskGraph: Started task graph with 5 named threads and 23 total threads with 3 sets of task threads.
LogStats: Stats thread started at 0.145886
LogD3D11RHI: Loaded GFSDK_Aftermath_Lib.x64.dll
LogICUInternationalization: ICU TimeZone Detection - Raw Offset: -6:00, Platform Override: ''
LogPluginManager: Mounting plugin Paper2D
LogPluginManager: Mounting plugin AISupport
LogPluginManager: Mounting plugin LightPropagationVolume
LogPluginManager: Mounting plugin ActorLayerUtilities
LogPluginManager: Mounting plugin AnimationSharing
LogPluginManager: Mounting plugin CLionSourceCodeAccess
LogPluginManager: Mounting plugin CodeLiteSourceCodeAccess
LogPluginManager: Mounting plugin GitSourceControl
LogPluginManager: Mounting plugin KDevelopSourceCodeAccess
LogPluginManager: Mounting plugin NullSourceCodeAccess
LogPluginManager: Mounting plugin PerforceSourceControl
LogPluginManager: Mounting plugin PlasticSourceControl
LogPluginManager: Mounting plugin SubversionSourceControl
LogPluginManager: Mounting plugin UObjectPlugin
LogPluginManager: Mounting plugin VisualStudioCodeSourceCodeAccess
LogPluginManager: Mounting plugin VisualStudioSourceCodeAccess
LogPluginManager: Mounting plugin XCodeSourceCodeAccess
LogPluginManager: Mounting plugin AssetManagerEditor
LogPluginManager: Mounting plugin CryptoKeys
LogPluginManager: Mounting plugin CurveEditorTools
LogPluginManager: Mounting plugin DataValidation
LogPluginManager: Mounting plugin FacialAnimation
LogPluginManager: Mounting plugin GameplayTagsEditor
LogPluginManager: Mounting plugin MacGraphicsSwitching
LogPluginManager: Mounting plugin MaterialAnalyzer
LogPluginManager: Mounting plugin MobileLauncherProfileWizard
LogPluginManager: Mounting plugin PluginBrowser
LogPluginManager: Mounting plugin SpeedTreeImporter
LogPluginManager: Mounting plugin DatasmithContent
LogPluginManager: Mounting plugin VariantManagerContent
LogPluginManager: Mounting plugin AlembicImporter
LogPluginManager: Mounting plugin AutomationUtils
LogPluginManager: Mounting plugin BackChannel
LogPluginManager: Mounting plugin CharacterAI
LogPluginManager: Mounting plugin GeometryCache
LogPluginManager: Mounting plugin PlatformCrypto
LogPluginManager: Mounting plugin ProxyLODPlugin
LogPluginManager: Mounting plugin RawInput
LogPluginManager: Mounting plugin SkeletalReduction
LogPluginManager: Mounting plugin MagicLeap
LogPluginManager: Mounting plugin MagicLeapMedia
LogPluginManager: Mounting plugin MLSDK
LogPluginManager: Mounting plugin AndroidMedia
LogPluginManager: Mounting plugin AvfMedia
LogPluginManager: Mounting plugin ImgMedia
LogPluginManager: Mounting plugin MediaCompositing
LogPluginManager: Mounting plugin MediaPlayerEditor
LogPluginManager: Mounting plugin WebMMedia
LogPluginManager: Mounting plugin WmfMedia
LogPluginManager: Mounting plugin TcpMessaging
LogPluginManager: Mounting plugin UdpMessaging
LogPluginManager: Mounting plugin ActorSequence
LogPluginManager: Mounting plugin LevelSequenceEditor
LogPluginManager: Mounting plugin MatineeToLevelSequence
LogPluginManager: Mounting plugin NetcodeUnitTest
LogPluginManager: Mounting plugin NUTUnrealEngine4
LogPluginManager: Mounting plugin OnlineSubsystemGooglePlay
LogPluginManager: Mounting plugin OnlineSubsystemIOS
LogPluginManager: Mounting plugin OnlineSubsystem
LogPluginManager: Mounting plugin OnlineSubsystemNull
LogPluginManager: Mounting plugin OnlineSubsystemUtils
LogPluginManager: Mounting plugin LauncherChunkInstaller
LogPluginManager: Mounting plugin AndroidDeviceProfileSelector
LogPluginManager: Mounting plugin AndroidMoviePlayer
LogPluginManager: Mounting plugin AndroidPermission
LogPluginManager: Mounting plugin AppleImageUtils
LogPluginManager: Mounting plugin AppleMoviePlayer
LogPluginManager: Mounting plugin ArchVisCharacter
LogPluginManager: Mounting plugin AssetTags
LogPluginManager: Mounting plugin AudioCapture
LogPluginManager: Mounting plugin CableComponent
LogPluginManager: Mounting plugin CustomMeshComponent
LogPluginManager: Mounting plugin EditableMesh
LogPluginManager: Mounting plugin ExampleDeviceProfileSelector
LogPluginManager: Mounting plugin GoogleCloudMessaging
LogPluginManager: Mounting plugin IOSDeviceProfileSelector
LogPluginManager: Mounting plugin LinuxDeviceProfileSelector
LogPluginManager: Mounting plugin LocationServicesBPLibrary
LogPluginManager: Mounting plugin MobilePatchingUtils
LogPluginManager: Mounting plugin OculusVR
LogPluginManager: Mounting plugin PhysXVehicles
LogPluginManager: Mounting plugin PostSplashScreen
LogPluginManager: Mounting plugin ProceduralMeshComponent
LogPluginManager: Mounting plugin RuntimePhysXCooking
LogPluginManager: Mounting plugin SignificanceManager
LogPluginManager: Mounting plugin SteamVR
LogPluginManager: Mounting plugin WebMMoviePlayer
LogPluginManager: Mounting plugin WindowsMoviePlayer
LogPluginManager: Mounting plugin ScreenshotTools
LogInit: Using libcurl 7.55.1-DEV
LogInit:  - built for x86_64-pc-win32
LogInit:  - supports SSL with OpenSSL/1.1.1
LogInit:  - supports HTTP deflate (compression) using libz 1.2.8
LogInit:  - other features:
LogInit:      CURL_VERSION_SSL
LogInit:      CURL_VERSION_LIBZ
LogInit:      CURL_VERSION_IPV6
LogInit:      CURL_VERSION_ASYNCHDNS
LogInit:      CURL_VERSION_LARGEFILE
LogInit:      CURL_VERSION_IDN
LogInit:  CurlRequestOptions (configurable via config and command line):
LogInit:  - bVerifyPeer = true  - Libcurl will verify peer certificate
LogInit:  - bUseHttpProxy = false  - Libcurl will NOT use HTTP proxy
LogInit:  - bDontReuseConnections = false  - Libcurl will reuse connections
LogInit:  - MaxHostConnections = 16  - Libcurl will limit the number of connections to a host
LogInit:  - LocalHostAddr = Default
LogInit:  - BufferSize = 65536
LogOnline: OSS: Creating online subsystem instance for: NULL
LogInit: WinSock: version 1.1 (2.2), MaxSocks=32767, MaxUdp=65467
LogOnline: OSS: TryLoadSubsystemAndSetDefault: Loaded subsystem for module [NULL]
LogInit: Build: ++UE4+Release-4.24-CL-11100242
LogInit: Engine Version: 4.24.2-11100242+++UE4+Release-4.24
LogInit: Compatible Engine Version: 4.24.0-10570792+++UE4+Release-4.24
LogInit: Net CL: 10570792
LogInit: OS: Windows 10 (Release 1903) (), CPU: Intel(R) Core(TM) i7-8650U CPU @ 1.90GHz, GPU: Intel(R) UHD Graphics 620
LogInit: Compiled (64-bit): Jan 24 2020 02:05:53
LogInit: Compiled with Visual C++: 19.16.27032.01
LogInit: Build Configuration: Development
LogInit: Branch Name: ++UE4+Release-4.24
LogInit: Command Line: 
LogInit: Base Directory: C:/Program Files/Epic Games/UE_4.24/Engine/Binaries/Win64/
LogInit: Installed Engine Build: 1
LogDevObjectVersion: Number of dev versions registered: 25
LogDevObjectVersion:   Dev-Blueprints (B0D832E4-1F89-4F0D-ACCF-7EB736FD4AA2): 10
LogDevObjectVersion:   Dev-Build (E1C64328-A22C-4D53-A36C-8E866417BD8C): 0
LogDevObjectVersion:   Dev-Core (375EC13C-06E4-48FB-B500-84F0262A717E): 3
LogDevObjectVersion:   Dev-Editor (E4B068ED-F494-42E9-A231-DA0B2E46BB41): 37
LogDevObjectVersion:   Dev-Framework (CFFC743F-43B0-4480-9391-14DF171D2073): 36
LogDevObjectVersion:   Dev-Mobile (B02B49B5-BB20-44E9-A304-32B752E40360): 2
LogDevObjectVersion:   Dev-Networking (A4E4105C-59A1-49B5-A7C5-40C4547EDFEE): 0
LogDevObjectVersion:   Dev-Online (39C831C9-5AE6-47DC-9A44-9C173E1C8E7C): 0
LogDevObjectVersion:   Dev-Physics (78F01B33-EBEA-4F98-B9B4-84EACCB95AA2): 2
LogDevObjectVersion:   Dev-Platform (6631380F-2D4D-43E0-8009-CF276956A95A): 0
LogDevObjectVersion:   Dev-Rendering (12F88B9F-8875-4AFC-A67C-D90C383ABD29): 36
LogDevObjectVersion:   Dev-Sequencer (7B5AE74C-D270-4C10-A958-57980B212A5A): 11
LogDevObjectVersion:   Dev-VR (D7296918-1DD6-4BDD-9DE2-64A83CC13884): 2
LogDevObjectVersion:   Dev-LoadTimes (C2A15278-BFE7-4AFE-6C17-90FF531DF755): 1
LogDevObjectVersion:   Private-Geometry (6EACA3D4-40EC-4CC1-B786-8BED09428FC5): 3
LogDevObjectVersion:   Dev-AnimPhys (29E575DD-E0A3-4627-9D10-D276232CDCEA): 17
LogDevObjectVersion:   Dev-Anim (AF43A65D-7FD3-4947-9873-3E8ED9C1BB05): 2
LogDevObjectVersion:   Dev-ReflectionCapture (6B266CEC-1EC7-4B8F-A30B-E4D90942FC07): 1
LogDevObjectVersion:   Dev-Automation (0DF73D61-A23F-47EA-B727-89E90C41499A): 1
LogDevObjectVersion:   FortniteMain (601D1886-AC64-4F84-AA16-D3DE0DEAC7D6): 31
LogDevObjectVersion:   Dev-Enterprise (9DFFBCD6-494F-0158-E221-12823C92A888): 8
LogDevObjectVersion:   Dev-Niagara (F2AED0AC-9AFE-416F-8664-AA7FFA26D6FC): 1
LogDevObjectVersion:   Dev-Destruction (174F1F0B-B4C6-45A5-B13F-2EE8D0FB917D): 9
LogDevObjectVersion:   Dev-Physics-Ext (35F94A83-E258-406C-A318-09F59610247C): 8
LogDevObjectVersion:   Dev-CineCamera (B2E18506-4273-CFC2-A54E-F4BB758BBA07): 1
LogInit: Presizing for max 25165824 objects, including 0 objects not considered by GC, pre-allocating 0 bytes for permanent pool.
LogInit: Object subsystem initialized
LogConfig: Setting CVar [[con.DebugEarlyDefault:1]]
LogConfig: Setting CVar [[r.setres:1280x720]]
[2020.04.18-02.26.40:410][  0]LogConfig: Setting CVar [[r.VSync:0]]
[2020.04.18-02.26.40:410][  0]LogConfig: Setting CVar [[r.RHICmdBypass:0]]
[2020.04.18-02.26.40:410][  0]LogConfig: Applying CVar settings from Section [/Script/Engine.RendererSettings] File [C:/Andrew/School/Grade 12/ISM/Final Product/RocketRacer/Saved/Config/Windows/Engine.ini]
[2020.04.18-02.26.40:410][  0]LogConfig: Setting CVar [[r.GPUCrashDebugging:0]]
[2020.04.18-02.26.40:410][  0]LogConfig: Applying CVar settings from Section [/Script/Engine.RendererOverrideSettings] File [C:/Andrew/School/Grade 12/ISM/Final Product/RocketRacer/Saved/Config/Windows/Engine.ini]
[2020.04.18-02.26.40:410][  0]LogConfig: Applying CVar settings from Section [/Script/Engine.StreamingSettings] File [C:/Andrew/School/Grade 12/ISM/Final Product/RocketRacer/Saved/Config/Windows/Engine.ini]
[2020.04.18-02.26.40:410][  0]LogConfig: Setting CVar [[s.MinBulkDataSizeForAsyncLoading:131072]]
[2020.04.18-02.26.40:410][  0]LogConfig: Setting CVar [[s.AsyncLoadingThreadEnabled:0]]
[2020.04.18-02.26.40:411][  0]LogConfig: Setting CVar [[s.EventDrivenLoaderEnabled:1]]
[2020.04.18-02.26.40:411][  0]LogConfig: Setting CVar [[s.WarnIfTimeLimitExceeded:0]]
[2020.04.18-02.26.40:411][  0]LogConfig: Setting CVar [[s.TimeLimitExceededMultiplier:1.5]]
[2020.04.18-02.26.40:411][  0]LogConfig: Setting CVar [[s.TimeLimitExceededMinTime:0.005]]
[2020.04.18-02.26.40:411][  0]LogConfig: Setting CVar [[s.UseBackgroundLevelStreaming:1]]
[2020.04.18-02.26.40:411][  0]LogConfig: Setting CVar [[s.PriorityAsyncLoadingExtraTime:15.0]]
[2020.04.18-02.26.40:411][  0]LogConfig: Setting CVar [[s.LevelStreamingActorsUpdateTimeLimit:5.0]]
[2020.04.18-02.26.40:411][  0]LogConfig: Setting CVar [[s.PriorityLevelStreamingActorsUpdateExtraTime:5.0]]
[2020.04.18-02.26.40:411][  0]LogConfig: Setting CVar [[s.LevelStreamingComponentsRegistrationGranularity:10]]
[2020.04.18-02.26.40:411][  0]LogConfig: Setting CVar [[s.UnregisterComponentsTimeLimit:1.0]]
[2020.04.18-02.26.40:411][  0]LogConfig: Setting CVar [[s.LevelStreamingComponentsUnregistrationGranularity:5]]
[2020.04.18-02.26.40:411][  0]LogConfig: Setting CVar [[s.FlushStreamingOnExit:1]]
[2020.04.18-02.26.40:411][  0]LogConfig: Applying CVar settings from Section [/Script/Engine.GarbageCollectionSettings] File [C:/Andrew/School/Grade 12/ISM/Final Product/RocketRacer/Saved/Config/Windows/Engine.ini]
[2020.04.18-02.26.40:411][  0]LogConfig: Setting CVar [[gc.MaxObjectsNotConsideredByGC:1]]
[2020.04.18-02.26.40:411][  0]LogConfig: Setting CVar [[gc.SizeOfPermanentObjectPool:0]]
[2020.04.18-02.26.40:411][  0]LogConfig: Setting CVar [[gc.FlushStreamingOnGC:0]]
[2020.04.18-02.26.40:411][  0]LogConfig: Setting CVar [[gc.NumRetriesBeforeForcingGC:10]]
[2020.04.18-02.26.40:411][  0]LogConfig: Setting CVar [[gc.AllowParallelGC:1]]
[2020.04.18-02.26.40:411][  0]LogConfig: Setting CVar [[gc.TimeBetweenPurgingPendingKillObjects:61.1]]
[2020.04.18-02.26.40:411][  0]LogConfig: Setting CVar [[gc.MaxObjectsInEditor:25165824]]
[2020.04.18-02.26.40:411][  0]LogConfig: Setting CVar [[gc.IncrementalBeginDestroyEnabled:1]]
[2020.04.18-02.26.40:411][  0]LogConfig: Setting CVar [[gc.CreateGCClusters:1]]
[2020.04.18-02.26.40:411][  0]LogConfig: Setting CVar [[gc.MinGCClusterSize:5]]
[2020.04.18-02.26.40:411][  0]LogConfig: Setting CVar [[gc.ActorClusteringEnabled:0]]
[2020.04.18-02.26.40:411][  0]LogConfig: Setting CVar [[gc.BlueprintClusteringEnabled:0]]
[2020.04.18-02.26.40:411][  0]LogConfig: Setting CVar [[gc.UseDisregardForGCOnDedicatedServers:0]]
[2020.04.18-02.26.40:411][  0]LogConfig: Applying CVar settings from Section [/Script/Engine.NetworkSettings] File [C:/Andrew/School/Grade 12/ISM/Final Product/RocketRacer/Saved/Config/Windows/Engine.ini]
[2020.04.18-02.26.40:411][  0]LogConfig: Applying CVar settings from Section [/Script/UnrealEd.CookerSettings] File [C:/Andrew/School/Grade 12/ISM/Final Product/RocketRacer/Saved/Config/Windows/Engine.ini]
[2020.04.18-02.26.40:416][  0]LogConfig: Applying CVar settings from Section [ViewDistanceQuality@3] File [C:/Andrew/School/Grade 12/ISM/Final Product/RocketRacer/Saved/Config/Windows/Scalability.ini]
[2020.04.18-02.26.40:416][  0]LogConfig: Setting CVar [[r.SkeletalMeshLODBias:0]]
[2020.04.18-02.26.40:416][  0]LogConfig: Setting CVar [[r.ViewDistanceScale:1.0]]
[2020.04.18-02.26.40:416][  0]LogConfig: Applying CVar settings from Section [AntiAliasingQuality@3] File [C:/Andrew/School/Grade 12/ISM/Final Product/RocketRacer/Saved/Config/Windows/Scalability.ini]
[2020.04.18-02.26.40:416][  0]LogConfig: Setting CVar [[r.PostProcessAAQuality:4]]
[2020.04.18-02.26.40:416][  0]LogConfig: Applying CVar settings from Section [ShadowQuality@3] File [C:/Andrew/School/Grade 12/ISM/Final Product/RocketRacer/Saved/Config/Windows/Scalability.ini]
[2020.04.18-02.26.40:416][  0]LogConfig: Setting CVar [[r.LightFunctionQuality:1]]
[2020.04.18-02.26.40:416][  0]LogConfig: Setting CVar [[r.ShadowQuality:5]]
[2020.04.18-02.26.40:416][  0]LogConfig: Setting CVar [[r.Shadow.CSM.MaxCascades:10]]
[2020.04.18-02.26.40:416][  0]LogConfig: Setting CVar [[r.Shadow.MaxResolution:2048]]
[2020.04.18-02.26.40:416][  0]LogConfig: Setting CVar [[r.Shadow.MaxCSMResolution:2048]]
[2020.04.18-02.26.40:417][  0]LogConfig: Setting CVar [[r.Shadow.RadiusThreshold:0.01]]
[2020.04.18-02.26.40:417][  0]LogConfig: Setting CVar [[r.Shadow.DistanceScale:1.0]]
[2020.04.18-02.26.40:417][  0]LogConfig: Setting CVar [[r.Shadow.CSM.TransitionScale:1.0]]
[2020.04.18-02.26.40:417][  0]LogConfig: Setting CVar [[r.Shadow.PreShadowResolutionFactor:1.0]]
[2020.04.18-02.26.40:417][  0]LogConfig: Setting CVar [[r.DistanceFieldShadowing:1]]
[2020.04.18-02.26.40:417][  0]LogConfig: Setting CVar [[r.DistanceFieldAO:1]]
[2020.04.18-02.26.40:417][  0]LogConfig: Setting CVar [[r.AOQuality:2]]
[2020.04.18-02.26.40:417][  0]LogConfig: Setting CVar [[r.VolumetricFog:1]]
[2020.04.18-02.26.40:417][  0]LogConfig: Setting CVar [[r.VolumetricFog.GridPixelSize:8]]
[2020.04.18-02.26.40:417][  0]LogConfig: Setting CVar [[r.VolumetricFog.GridSizeZ:128]]
[2020.04.18-02.26.40:417][  0]LogConfig: Setting CVar [[r.VolumetricFog.HistoryMissSupersampleCount:4]]
[2020.04.18-02.26.40:417][  0]LogConfig: Setting CVar [[r.LightMaxDrawDistanceScale:1]]
[2020.04.18-02.26.40:417][  0]LogConfig: Setting CVar [[r.CapsuleShadows:1]]
[2020.04.18-02.26.40:417][  0]LogConfig: Applying CVar settings from Section [PostProcessQuality@3] File [C:/Andrew/School/Grade 12/ISM/Final Product/RocketRacer/Saved/Config/Windows/Scalability.ini]
[2020.04.18-02.26.40:417][  0]LogConfig: Setting CVar [[r.MotionBlurQuality:4]]
[2020.04.18-02.26.40:417][  0]LogConfig: Setting CVar [[r.AmbientOcclusionMipLevelFactor:0.4]]
[2020.04.18-02.26.40:417][  0]LogConfig: Setting CVar [[r.AmbientOcclusionMaxQuality:100]]
[2020.04.18-02.26.40:417][  0]LogConfig: Setting CVar [[r.AmbientOcclusionLevels:-1]]
[2020.04.18-02.26.40:417][  0]LogConfig: Setting CVar [[r.AmbientOcclusionRadiusScale:1.0]]
[2020.04.18-02.26.40:417][  0]LogConfig: Setting CVar [[r.DepthOfFieldQuality:2]]
[2020.04.18-02.26.40:417][  0]LogConfig: Setting CVar [[r.RenderTargetPoolMin:400]]
[2020.04.18-02.26.40:417][  0]LogConfig: Setting CVar [[r.LensFlareQuality:2]]
[2020.04.18-02.26.40:417][  0]LogConfig: Setting CVar [[r.SceneColorFringeQuality:1]]
[2020.04.18-02.26.40:417][  0]LogConfig: Setting CVar [[r.EyeAdaptationQuality:2]]
[2020.04.18-02.26.40:417][  0]LogConfig: Setting CVar [[r.BloomQuality:5]]
[2020.04.18-02.26.40:417][  0]LogConfig: Setting CVar [[r.FastBlurThreshold:100]]
[2020.04.18-02.26.40:417][  0]LogConfig: Setting CVar [[r.Upscale.Quality:3]]
[2020.04.18-02.26.40:417][  0]LogConfig: Setting CVar [[r.Tonemapper.GrainQuantization:1]]
[2020.04.18-02.26.40:417][  0]LogConfig: Setting CVar [[r.LightShaftQuality:1]]
[2020.04.18-02.26.40:417][  0]LogConfig: Setting CVar [[r.Filter.SizeScale:1]]
[2020.04.18-02.26.40:417][  0]LogConfig: Setting CVar [[r.Tonemapper.Quality:5]]
[2020.04.18-02.26.40:417][  0]LogConfig: Setting CVar [[r.DOF.Gather.AccumulatorQuality:1        ; higher gathering accumulator quality]]
[2020.04.18-02.26.40:418][  0]LogConfig: Setting CVar [[r.DOF.Gather.PostfilterMethod:1          ; Median3x3 postfilering method]]
[2020.04.18-02.26.40:418][  0]LogConfig: Setting CVar [[r.DOF.Gather.EnableBokehSettings:0       ; no bokeh simulation when gathering]]
[2020.04.18-02.26.40:418][  0]LogConfig: Setting CVar [[r.DOF.Gather.RingCount:4                 ; medium number of samples when gathering]]
[2020.04.18-02.26.40:418][  0]LogConfig: Setting CVar [[r.DOF.Scatter.ForegroundCompositing:1    ; additive foreground scattering]]
[2020.04.18-02.26.40:418][  0]LogConfig: Setting CVar [[r.DOF.Scatter.BackgroundCompositing:2    ; additive background scattering]]
[2020.04.18-02.26.40:418][  0]LogConfig: Setting CVar [[r.DOF.Scatter.EnableBokehSettings:1      ; bokeh simulation when scattering]]
[2020.04.18-02.26.40:418][  0]LogConfig: Setting CVar [[r.DOF.Scatter.MaxSpriteRatio:0.1         ; only a maximum of 10% of scattered bokeh]]
[2020.04.18-02.26.40:418][  0]LogConfig: Setting CVar [[r.DOF.Recombine.Quality:1                ; cheap slight out of focus]]
[2020.04.18-02.26.40:418][  0]LogConfig: Setting CVar [[r.DOF.Recombine.EnableBokehSettings:0    ; no bokeh simulation on slight out of focus]]
[2020.04.18-02.26.40:418][  0]LogConfig: Setting CVar [[r.DOF.TemporalAAQuality:1                ; more stable temporal accumulation]]
[2020.04.18-02.26.40:418][  0]LogConfig: Setting CVar [[r.DOF.Kernel.MaxForegroundRadius:0.025]]
[2020.04.18-02.26.40:418][  0]LogConfig: Setting CVar [[r.DOF.Kernel.MaxBackgroundRadius:0.025]]
[2020.04.18-02.26.40:418][  0]LogConfig: Applying CVar settings from Section [TextureQuality@3] File [C:/Andrew/School/Grade 12/ISM/Final Product/RocketRacer/Saved/Config/Windows/Scalability.ini]
[2020.04.18-02.26.40:418][  0]LogConfig: Setting CVar [[r.Streaming.MipBias:0]]
[2020.04.18-02.26.40:418][  0]LogConfig: Setting CVar [[r.Streaming.AmortizeCPUToGPUCopy:0]]
[2020.04.18-02.26.40:418][  0]LogConfig: Setting CVar [[r.Streaming.MaxNumTexturesToStreamPerFrame:0]]
[2020.04.18-02.26.40:418][  0]LogConfig: Setting CVar [[r.Streaming.Boost:1]]
[2020.04.18-02.26.40:418][  0]LogConfig: Setting CVar [[r.MaxAnisotropy:8]]
[2020.04.18-02.26.40:418][  0]LogConfig: Setting CVar [[r.VT.MaxAnisotropy:8]]
[2020.04.18-02.26.40:418][  0]LogConfig: Setting CVar [[r.Streaming.LimitPoolSizeToVRAM:0]]
[2020.04.18-02.26.40:418][  0]LogConfig: Setting CVar [[r.Streaming.PoolSize:1000]]
[2020.04.18-02.26.40:418][  0]LogConfig: Setting CVar [[r.Streaming.MaxEffectiveScreenSize:0]]
[2020.04.18-02.26.40:418][  0]LogConfig: Applying CVar settings from Section [EffectsQuality@3] File [C:/Andrew/School/Grade 12/ISM/Final Product/RocketRacer/Saved/Config/Windows/Scalability.ini]
[2020.04.18-02.26.40:418][  0]LogConfig: Setting CVar [[r.TranslucencyLightingVolumeDim:64]]
[2020.04.18-02.26.40:418][  0]LogConfig: Setting CVar [[r.RefractionQuality:2]]
[2020.04.18-02.26.40:418][  0]LogConfig: Setting CVar [[r.SSR.Quality:3]]
[2020.04.18-02.26.40:418][  0]LogConfig: Setting CVar [[r.SSR.HalfResSceneColor:0]]
[2020.04.18-02.26.40:418][  0]LogConfig: Setting CVar [[r.SceneColorFormat:4]]
[2020.04.18-02.26.40:418][  0]LogConfig: Setting CVar [[r.DetailMode:2]]
[2020.04.18-02.26.40:418][  0]LogConfig: Setting CVar [[r.TranslucencyVolumeBlur:1]]
[2020.04.18-02.26.40:418][  0]LogConfig: Setting CVar [[r.MaterialQualityLevel:1 ; High quality]]
[2020.04.18-02.26.40:418][  0]LogConfig: Setting CVar [[r.SSS.Scale:1]]
[2020.04.18-02.26.40:419][  0]LogConfig: Setting CVar [[r.SSS.SampleSet:2]]
[2020.04.18-02.26.40:419][  0]LogConfig: Setting CVar [[r.SSS.Quality:1]]
[2020.04.18-02.26.40:419][  0]LogConfig: Setting CVar [[r.SSS.HalfRes:1]]
[2020.04.18-02.26.40:419][  0]LogConfig: Setting CVar [[r.SSGI.Quality:3]]
[2020.04.18-02.26.40:419][  0]LogConfig: Setting CVar [[r.EmitterSpawnRateScale:1.0]]
[2020.04.18-02.26.40:419][  0]LogConfig: Setting CVar [[r.ParticleLightQuality:2]]
[2020.04.18-02.26.40:419][  0]LogConfig: Setting CVar [[r.SkyAtmosphere.AerialPerspectiveLUT.FastApplyOnOpaque:1 ; Always have FastSkyLUT 1 in this case to avoid wrong sky]]
[2020.04.18-02.26.40:419][  0]LogConfig: Setting CVar [[r.SkyAtmosphere.AerialPerspectiveLUT.SampleCountPerSlice:1]]
[2020.04.18-02.26.40:419][  0]LogConfig: Setting CVar [[r.SkyAtmosphere.AerialPerspectiveLUT.DepthResolution:16.0]]
[2020.04.18-02.26.40:419][  0]LogConfig: Setting CVar [[r.SkyAtmosphere.FastSkyLUT:1]]
[2020.04.18-02.26.40:419][  0]LogConfig: Setting CVar [[r.SkyAtmosphere.FastSkyLUT.SampleCountMin:4.0]]
[2020.04.18-02.26.40:419][  0]LogConfig: Setting CVar [[r.SkyAtmosphere.FastSkyLUT.SampleCountMax:32.0]]
[2020.04.18-02.26.40:419][  0]LogConfig: Setting CVar [[r.SkyAtmosphere.SampleCountMin:4.0]]
[2020.04.18-02.26.40:419][  0]LogConfig: Setting CVar [[r.SkyAtmosphere.SampleCountMax:32.0]]
[2020.04.18-02.26.40:419][  0]LogConfig: Setting CVar [[r.SkyAtmosphere.TransmittanceLUT.UseSmallFormat:0]]
[2020.04.18-02.26.40:419][  0]LogConfig: Setting CVar [[r.SkyAtmosphere.TransmittanceLUT.SampleCount:10.0]]
[2020.04.18-02.26.40:419][  0]LogConfig: Setting CVar [[r.SkyAtmosphere.MultiScatteringLUT.SampleCount:15.0]]
[2020.04.18-02.26.40:419][  0]LogConfig: Applying CVar settings from Section [FoliageQuality@3] File [C:/Andrew/School/Grade 12/ISM/Final Product/RocketRacer/Saved/Config/Windows/Scalability.ini]
[2020.04.18-02.26.40:419][  0]LogConfig: Setting CVar [[foliage.DensityScale:1.0]]
[2020.04.18-02.26.40:419][  0]LogConfig: Setting CVar [[grass.DensityScale:1.0]]
[2020.04.18-02.26.40:419][  0]LogConfig: Applying CVar settings from Section [ShadingQuality@3] File [C:/Andrew/School/Grade 12/ISM/Final Product/RocketRacer/Saved/Config/Windows/Scalability.ini]
[2020.04.18-02.26.40:419][  0]LogConfig: Setting CVar [[r.HairStrands.SkyLighting.SampleCount:16]]
[2020.04.18-02.26.40:419][  0]LogConfig: Setting CVar [[r.HairStrands.SkyLighting.JitterIntegration:0]]
[2020.04.18-02.26.40:419][  0]LogConfig: Setting CVar [[r.HairStrands.SkyAO.SampleCount:16]]
[2020.04.18-02.26.40:419][  0]LogInit: Selected Device Profile: [Windows]
[2020.04.18-02.26.40:419][  0]LogInit: Applying CVar settings loaded from the selected device profile: [Windows]
[2020.04.18-02.26.40:426][  0]LogHAL: Display: Platform has ~ 16 GB [17101164544 / 17179869184 / 16], which maps to Larger [LargestMinGB=32, LargerMinGB=12, DefaultMinGB=8, SmallerMinGB=6, SmallestMinGB=0)
[2020.04.18-02.26.40:426][  0]LogInit: Going up to parent DeviceProfile []
[2020.04.18-02.26.40:426][  0]LogConfig: Applying CVar settings from Section [ViewDistanceQuality@3] File [C:/Andrew/School/Grade 12/ISM/Final Product/RocketRacer/Saved/Config/Windows/Scalability.ini]
[2020.04.18-02.26.40:426][  0]LogConfig: Setting CVar [[r.SkeletalMeshLODBias:0]]
[2020.04.18-02.26.40:426][  0]LogConfig: Setting CVar [[r.ViewDistanceScale:1.0]]
[2020.04.18-02.26.40:426][  0]LogConfig: Applying CVar settings from Section [AntiAliasingQuality@3] File [C:/Andrew/School/Grade 12/ISM/Final Product/RocketRacer/Saved/Config/Windows/Scalability.ini]
[2020.04.18-02.26.40:426][  0]LogConfig: Setting CVar [[r.PostProcessAAQuality:4]]
[2020.04.18-02.26.40:426][  0]LogConfig: Applying CVar settings from Section [ShadowQuality@3] File [C:/Andrew/School/Grade 12/ISM/Final Product/RocketRacer/Saved/Config/Windows/Scalability.ini]
[2020.04.18-02.26.40:426][  0]LogConfig: Setting CVar [[r.LightFunctionQuality:1]]
[2020.04.18-02.26.40:426][  0]LogConfig: Setting CVar [[r.ShadowQuality:5]]
[2020.04.18-02.26.40:426][  0]LogConfig: Setting CVar [[r.Shadow.CSM.MaxCascades:10]]
[2020.04.18-02.26.40:426][  0]LogConfig: Setting CVar [[r.Shadow.MaxResolution:2048]]
[2020.04.18-02.26.40:426][  0]LogConfig: Setting CVar [[r.Shadow.MaxCSMResolution:2048]]
[2020.04.18-02.26.40:426][  0]LogConfig: Setting CVar [[r.Shadow.RadiusThreshold:0.01]]
[2020.04.18-02.26.40:426][  0]LogConfig: Setting CVar [[r.Shadow.DistanceScale:1.0]]
[2020.04.18-02.26.40:426][  0]LogConfig: Setting CVar [[r.Shadow.CSM.TransitionScale:1.0]]
[2020.04.18-02.26.40:426][  0]LogConfig: Setting CVar [[r.Shadow.PreShadowResolutionFactor:1.0]]
[2020.04.18-02.26.40:426][  0]LogConfig: Setting CVar [[r.DistanceFieldShadowing:1]]
[2020.04.18-02.26.40:426][  0]LogConfig: Setting CVar [[r.DistanceFieldAO:1]]
[2020.04.18-02.26.40:426][  0]LogConfig: Setting CVar [[r.AOQuality:2]]
[2020.04.18-02.26.40:426][  0]LogConfig: Setting CVar [[r.VolumetricFog:1]]
[2020.04.18-02.26.40:426][  0]LogConfig: Setting CVar [[r.VolumetricFog.GridPixelSize:8]]
[2020.04.18-02.26.40:426][  0]LogConfig: Setting CVar [[r.VolumetricFog.GridSizeZ:128]]
[2020.04.18-02.26.40:427][  0]LogConfig: Setting CVar [[r.VolumetricFog.HistoryMissSupersampleCount:4]]
[2020.04.18-02.26.40:427][  0]LogConfig: Setting CVar [[r.LightMaxDrawDistanceScale:1]]
[2020.04.18-02.26.40:427][  0]LogConfig: Setting CVar [[r.CapsuleShadows:1]]
[2020.04.18-02.26.40:427][  0]LogConfig: Applying CVar settings from Section [PostProcessQuality@3] File [C:/Andrew/School/Grade 12/ISM/Final Product/RocketRacer/Saved/Config/Windows/Scalability.ini]
[2020.04.18-02.26.40:427][  0]LogConfig: Setting CVar [[r.MotionBlurQuality:4]]
[2020.04.18-02.26.40:427][  0]LogConfig: Setting CVar [[r.AmbientOcclusionMipLevelFactor:0.4]]
[2020.04.18-02.26.40:427][  0]LogConfig: Setting CVar [[r.AmbientOcclusionMaxQuality:100]]
[2020.04.18-02.26.40:427][  0]LogConfig: Setting CVar [[r.AmbientOcclusionLevels:-1]]
[2020.04.18-02.26.40:427][  0]LogConfig: Setting CVar [[r.AmbientOcclusionRadiusScale:1.0]]
[2020.04.18-02.26.40:427][  0]LogConfig: Setting CVar [[r.DepthOfFieldQuality:2]]
[2020.04.18-02.26.40:427][  0]LogConfig: Setting CVar [[r.RenderTargetPoolMin:400]]
[2020.04.18-02.26.40:427][  0]LogConfig: Setting CVar [[r.LensFlareQuality:2]]
[2020.04.18-02.26.40:427][  0]LogConfig: Setting CVar [[r.SceneColorFringeQuality:1]]
[2020.04.18-02.26.40:427][  0]LogConfig: Setting CVar [[r.EyeAdaptationQuality:2]]
[2020.04.18-02.26.40:427][  0]LogConfig: Setting CVar [[r.BloomQuality:5]]
[2020.04.18-02.26.40:427][  0]LogConfig: Setting CVar [[r.FastBlurThreshold:100]]
[2020.04.18-02.26.40:427][  0]LogConfig: Setting CVar [[r.Upscale.Quality:3]]
[2020.04.18-02.26.40:427][  0]LogConfig: Setting CVar [[r.Tonemapper.GrainQuantization:1]]
[2020.04.18-02.26.40:427][  0]LogConfig: Setting CVar [[r.LightShaftQuality:1]]
[2020.04.18-02.26.40:427][  0]LogConfig: Setting CVar [[r.Filter.SizeScale:1]]
[2020.04.18-02.26.40:427][  0]LogConfig: Setting CVar [[r.Tonemapper.Quality:5]]
[2020.04.18-02.26.40:427][  0]LogConfig: Setting CVar [[r.DOF.Gather.AccumulatorQuality:1        ; higher gathering accumulator quality]]
[2020.04.18-02.26.40:427][  0]LogConfig: Setting CVar [[r.DOF.Gather.PostfilterMethod:1          ; Median3x3 postfilering method]]
[2020.04.18-02.26.40:427][  0]LogConfig: Setting CVar [[r.DOF.Gather.EnableBokehSettings:0       ; no bokeh simulation when gathering]]
[2020.04.18-02.26.40:427][  0]LogConfig: Setting CVar [[r.DOF.Gather.RingCount:4                 ; medium number of samples when gathering]]
[2020.04.18-02.26.40:427][  0]LogConfig: Setting CVar [[r.DOF.Scatter.ForegroundCompositing:1    ; additive foreground scattering]]
[2020.04.18-02.26.40:427][  0]LogConfig: Setting CVar [[r.DOF.Scatter.BackgroundCompositing:2    ; additive background scattering]]
[2020.04.18-02.26.40:427][  0]LogConfig: Setting CVar [[r.DOF.Scatter.EnableBokehSettings:1      ; bokeh simulation when scattering]]
[2020.04.18-02.26.40:427][  0]LogConfig: Setting CVar [[r.DOF.Scatter.MaxSpriteRatio:0.1         ; only a maximum of 10% of scattered bokeh]]
[2020.04.18-02.26.40:427][  0]LogConfig: Setting CVar [[r.DOF.Recombine.Quality:1                ; cheap slight out of focus]]
[2020.04.18-02.26.40:427][  0]LogConfig: Setting CVar [[r.DOF.Recombine.EnableBokehSettings:0    ; no bokeh simulation on slight out of focus]]
[2020.04.18-02.26.40:428][  0]LogConfig: Setting CVar [[r.DOF.TemporalAAQuality:1                ; more stable temporal accumulation]]
[2020.04.18-02.26.40:428][  0]LogConfig: Setting CVar [[r.DOF.Kernel.MaxForegroundRadius:0.025]]
[2020.04.18-02.26.40:428][  0]LogConfig: Setting CVar [[r.DOF.Kernel.MaxBackgroundRadius:0.025]]
[2020.04.18-02.26.40:428][  0]LogConfig: Applying CVar settings from Section [TextureQuality@3] File [C:/Andrew/School/Grade 12/ISM/Final Product/RocketRacer/Saved/Config/Windows/Scalability.ini]
[2020.04.18-02.26.40:428][  0]LogConfig: Setting CVar [[r.Streaming.MipBias:0]]
[2020.04.18-02.26.40:428][  0]LogConfig: Setting CVar [[r.Streaming.AmortizeCPUToGPUCopy:0]]
[2020.04.18-02.26.40:428][  0]LogConfig: Setting CVar [[r.Streaming.MaxNumTexturesToStreamPerFrame:0]]
[2020.04.18-02.26.40:428][  0]LogConfig: Setting CVar [[r.Streaming.Boost:1]]
[2020.04.18-02.26.40:428][  0]LogConfig: Setting CVar [[r.MaxAnisotropy:8]]
[2020.04.18-02.26.40:428][  0]LogConfig: Setting CVar [[r.VT.MaxAnisotropy:8]]
[2020.04.18-02.26.40:428][  0]LogConfig: Setting CVar [[r.Streaming.LimitPoolSizeToVRAM:0]]
[2020.04.18-02.26.40:428][  0]LogConfig: Setting CVar [[r.Streaming.PoolSize:1000]]
[2020.04.18-02.26.40:428][  0]LogConfig: Setting CVar [[r.Streaming.MaxEffectiveScreenSize:0]]
[2020.04.18-02.26.40:428][  0]LogConfig: Applying CVar settings from Section [EffectsQuality@3] File [C:/Andrew/School/Grade 12/ISM/Final Product/RocketRacer/Saved/Config/Windows/Scalability.ini]
[2020.04.18-02.26.40:428][  0]LogConfig: Setting CVar [[r.TranslucencyLightingVolumeDim:64]]
[2020.04.18-02.26.40:428][  0]LogConfig: Setting CVar [[r.RefractionQuality:2]]
[2020.04.18-02.26.40:428][  0]LogConfig: Setting CVar [[r.SSR.Quality:3]]
[2020.04.18-02.26.40:428][  0]LogConfig: Setting CVar [[r.SSR.HalfResSceneColor:0]]
[2020.04.18-02.26.40:428][  0]LogConfig: Setting CVar [[r.SceneColorFormat:4]]
[2020.04.18-02.26.40:428][  0]LogConfig: Setting CVar [[r.DetailMode:2]]
[2020.04.18-02.26.40:428][  0]LogConfig: Setting CVar [[r.TranslucencyVolumeBlur:1]]
[2020.04.18-02.26.40:428][  0]LogConfig: Setting CVar [[r.MaterialQualityLevel:1 ; High quality]]
[2020.04.18-02.26.40:428][  0]LogConfig: Setting CVar [[r.SSS.Scale:1]]
[2020.04.18-02.26.40:428][  0]LogConfig: Setting CVar [[r.SSS.SampleSet:2]]
[2020.04.18-02.26.40:428][  0]LogConfig: Setting CVar [[r.SSS.Quality:1]]
[2020.04.18-02.26.40:428][  0]LogConfig: Setting CVar [[r.SSS.HalfRes:1]]
[2020.04.18-02.26.40:428][  0]LogConfig: Setting CVar [[r.SSGI.Quality:3]]
[2020.04.18-02.26.40:428][  0]LogConfig: Setting CVar [[r.EmitterSpawnRateScale:1.0]]
[2020.04.18-02.26.40:428][  0]LogConfig: Setting CVar [[r.ParticleLightQuality:2]]
[2020.04.18-02.26.40:428][  0]LogConfig: Setting CVar [[r.SkyAtmosphere.AerialPerspectiveLUT.FastApplyOnOpaque:1 ; Always have FastSkyLUT 1 in this case to avoid wrong sky]]
[2020.04.18-02.26.40:429][  0]LogConfig: Setting CVar [[r.SkyAtmosphere.AerialPerspectiveLUT.SampleCountPerSlice:1]]
[2020.04.18-02.26.40:429][  0]LogConfig: Setting CVar [[r.SkyAtmosphere.AerialPerspectiveLUT.DepthResolution:16.0]]
[2020.04.18-02.26.40:429][  0]LogConfig: Setting CVar [[r.SkyAtmosphere.FastSkyLUT:1]]
[2020.04.18-02.26.40:429][  0]LogConfig: Setting CVar [[r.SkyAtmosphere.FastSkyLUT.SampleCountMin:4.0]]
[2020.04.18-02.26.40:429][  0]LogConfig: Setting CVar [[r.SkyAtmosphere.FastSkyLUT.SampleCountMax:32.0]]
[2020.04.18-02.26.40:429][  0]LogConfig: Setting CVar [[r.SkyAtmosphere.SampleCountMin:4.0]]
[2020.04.18-02.26.40:429][  0]LogConfig: Setting CVar [[r.SkyAtmosphere.SampleCountMax:32.0]]
[2020.04.18-02.26.40:429][  0]LogConfig: Setting CVar [[r.SkyAtmosphere.TransmittanceLUT.UseSmallFormat:0]]
[2020.04.18-02.26.40:429][  0]LogConfig: Setting CVar [[r.SkyAtmosphere.TransmittanceLUT.SampleCount:10.0]]
[2020.04.18-02.26.40:429][  0]LogConfig: Setting CVar [[r.SkyAtmosphere.MultiScatteringLUT.SampleCount:15.0]]
[2020.04.18-02.26.40:429][  0]LogConfig: Applying CVar settings from Section [FoliageQuality@3] File [C:/Andrew/School/Grade 12/ISM/Final Product/RocketRacer/Saved/Config/Windows/Scalability.ini]
[2020.04.18-02.26.40:429][  0]LogConfig: Setting CVar [[foliage.DensityScale:1.0]]
[2020.04.18-02.26.40:429][  0]LogConfig: Setting CVar [[grass.DensityScale:1.0]]
[2020.04.18-02.26.40:429][  0]LogConfig: Applying CVar settings from Section [ShadingQuality@3] File [C:/Andrew/School/Grade 12/ISM/Final Product/RocketRacer/Saved/Config/Windows/Scalability.ini]
[2020.04.18-02.26.40:429][  0]LogConfig: Setting CVar [[r.HairStrands.SkyLighting.SampleCount:16]]
[2020.04.18-02.26.40:429][  0]LogConfig: Setting CVar [[r.HairStrands.SkyLighting.JitterIntegration:0]]
[2020.04.18-02.26.40:429][  0]LogConfig: Setting CVar [[r.HairStrands.SkyAO.SampleCount:16]]
[2020.04.18-02.26.40:429][  0]LogConfig: Applying CVar settings from Section [Startup] File [../../../Engine/Config/ConsoleVariables.ini]
[2020.04.18-02.26.40:430][  0]LogConfig: Setting CVar [[net.UseAdaptiveNetUpdateFrequency:0]]
[2020.04.18-02.26.40:430][  0]LogConfig: Setting CVar [[p.chaos.AllowCreatePhysxBodies:1]]
[2020.04.18-02.26.40:430][  0]LogConfig: Applying CVar settings from Section [ConsoleVariables] File [C:/Andrew/School/Grade 12/ISM/Final Product/RocketRacer/Saved/Config/Windows/Engine.ini]
[2020.04.18-02.26.40:431][  0]LogInit: Computer: DESKTOP-O2BFK72
[2020.04.18-02.26.40:431][  0]LogInit: User: andre
[2020.04.18-02.26.40:431][  0]LogInit: CPU Page size=4096, Cores=4
[2020.04.18-02.26.40:431][  0]LogInit: High frequency timer resolution =10.000000 MHz
[2020.04.18-02.26.40:431][  0]LogMemory: Memory total: Physical=15.9GB (16GB approx)
[2020.04.18-02.26.40:431][  0]LogMemory: Platform Memory Stats for Windows
[2020.04.18-02.26.40:431][  0]LogMemory: Process Physical Memory: 105.63 MB used, 105.63 MB peak
[2020.04.18-02.26.40:431][  0]LogMemory: Process Virtual Memory: 100.80 MB used, 100.80 MB peak
[2020.04.18-02.26.40:431][  0]LogMemory: Physical Memory: 6578.38 MB used,  9730.56 MB free, 16308.94 MB total
[2020.04.18-02.26.40:431][  0]LogMemory: Virtual Memory: 5137.52 MB used,  134212592.00 MB free, 134217728.00 MB total
[2020.04.18-02.26.40:442][  0]LogWindows: WindowsPlatformFeatures enabled
[2020.04.18-02.26.40:498][  0]LogInit: Using OS detected language (en-US).
[2020.04.18-02.26.40:498][  0]LogInit: Using OS detected locale (en-US).
[2020.04.18-02.26.40:500][  0]LogTextLocalizationManager: No specific localization for 'en-US' exists, so the 'en' localization will be used.
[2020.04.18-02.26.40:775][  0]LogInit: Setting process to per monitor DPI aware
[2020.04.18-02.26.40:840][  0]LogSlate: New Slate User Created.  User Index 0, Is Virtual User: 0
[2020.04.18-02.26.40:840][  0]LogSlate: Slate User Registered.  User Index 0, Is Virtual User: 0
[2020.04.18-02.26.41:067][  0]LogHMD: Failed to initialize OpenVR with code 110
[2020.04.18-02.26.41:067][  0]LogD3D11RHI: D3D11 min allowed feature level: 11_0
[2020.04.18-02.26.41:067][  0]LogD3D11RHI: D3D11 max allowed feature level: 11_0
[2020.04.18-02.26.41:067][  0]LogD3D11RHI: D3D11 adapters:
[2020.04.18-02.26.41:136][  0]LogD3D11RHI:    0. 'Intel(R) UHD Graphics 620' (Feature Level 11_0)
[2020.04.18-02.26.41:136][  0]LogD3D11RHI:       128/0/8154 MB DedicatedVideo/DedicatedSystem/SharedSystem, Outputs:1, VendorId:0x8086
[2020.04.18-02.26.41:139][  0]LogD3D11RHI:    1. 'Microsoft Basic Render Driver' (Feature Level 11_0)
[2020.04.18-02.26.41:139][  0]LogD3D11RHI:       0/0/8154 MB DedicatedVideo/DedicatedSystem/SharedSystem, Outputs:0, VendorId:0x1414
[2020.04.18-02.26.41:139][  0]LogD3D11RHI: Chosen D3D11 Adapter: 0
[2020.04.18-02.26.41:148][  0]LogD3D11RHI: Creating new Direct3DDevice
[2020.04.18-02.26.41:148][  0]LogD3D11RHI:     GPU DeviceId: 0x5917 (for the marketing name, search the web for "GPU Device Id")
[2020.04.18-02.26.41:148][  0]LogWindows: EnumDisplayDevices:
[2020.04.18-02.26.41:148][  0]LogWindows:    0. 'Intel(R) UHD Graphics 620' (P:1 D:1)
[2020.04.18-02.26.41:149][  0]LogWindows:    1. 'Intel(R) UHD Graphics 620' (P:0 D:0)
[2020.04.18-02.26.41:149][  0]LogWindows:    2. 'Intel(R) UHD Graphics 620' (P:0 D:0)
[2020.04.18-02.26.41:149][  0]LogWindows: DebugString: FoundDriverCount:3 
[2020.04.18-02.26.41:149][  0]LogD3D11RHI:     Adapter Name: Intel(R) UHD Graphics 620
[2020.04.18-02.26.41:150][  0]LogD3D11RHI:   Driver Version: 25.20.100.6472 (internal:25.20.100.6472, unified:25.20.100.6472)
[2020.04.18-02.26.41:150][  0]LogD3D11RHI:      Driver Date: 12-25-2018
[2020.04.18-02.26.41:150][  0]LogRHI: Texture pool is 1523 MB (70% of 2176 MB)
[2020.04.18-02.26.41:371][  0]LogD3D11RHI: RHI does not have support for 64 bit atomics
[2020.04.18-02.26.41:372][  0]LogD3D11RHI: [IntelMetricsDiscovery] Started
[2020.04.18-02.26.41:372][  0]LogD3D11RHI: Async texture creation enabled
[2020.04.18-02.26.41:380][  0]LogD3D11RHI: GPU Timing Frequency: 12.000048 (Debug: 2 0)
[2020.04.18-02.26.41:811][  0]LogTargetPlatformManager: Display: Loaded TargetPlatform 'AllDesktop'
[2020.04.18-02.26.41:856][  0]LogTargetPlatformManager: Display: Loaded TargetPlatform 'Android'
[2020.04.18-02.26.41:856][  0]LogTargetPlatformManager: Display: Loaded TargetPlatform 'Android_ASTC'
[2020.04.18-02.26.41:856][  0]LogTargetPlatformManager: Display: Loaded TargetPlatform 'Android_ATC'
[2020.04.18-02.26.41:856][  0]LogTargetPlatformManager: Display: Loaded TargetPlatform 'Android_DXT'
[2020.04.18-02.26.41:856][  0]LogTargetPlatformManager: Display: Loaded TargetPlatform 'Android_ETC1'
[2020.04.18-02.26.41:856][  0]LogTargetPlatformManager: Display: Loaded TargetPlatform 'Android_ETC1a'
[2020.04.18-02.26.41:856][  0]LogTargetPlatformManager: Display: Loaded TargetPlatform 'Android_ETC2'
[2020.04.18-02.26.41:856][  0]LogTargetPlatformManager: Display: Loaded TargetPlatform 'Android_PVRTC'
[2020.04.18-02.26.41:856][  0]LogTargetPlatformManager: Display: Loaded TargetPlatform 'AndroidClient'
[2020.04.18-02.26.41:856][  0]LogTargetPlatformManager: Display: Loaded TargetPlatform 'Android_ASTCClient'
[2020.04.18-02.26.41:856][  0]LogTargetPlatformManager: Display: Loaded TargetPlatform 'Android_ATCClient'
[2020.04.18-02.26.41:856][  0]LogTargetPlatformManager: Display: Loaded TargetPlatform 'Android_DXTClient'
[2020.04.18-02.26.41:856][  0]LogTargetPlatformManager: Display: Loaded TargetPlatform 'Android_ETC1Client'
[2020.04.18-02.26.41:856][  0]LogTargetPlatformManager: Display: Loaded TargetPlatform 'Android_ETC1aClient'
[2020.04.18-02.26.41:856][  0]LogTargetPlatformManager: Display: Loaded TargetPlatform 'Android_ETC2Client'
[2020.04.18-02.26.41:856][  0]LogTargetPlatformManager: Display: Loaded TargetPlatform 'Android_PVRTCClient'
[2020.04.18-02.26.41:856][  0]LogTargetPlatformManager: Display: Loaded TargetPlatform 'Android_Multi'
[2020.04.18-02.26.41:856][  0]LogTargetPlatformManager: Display: Loaded TargetPlatform 'Android_MultiClient'
[2020.04.18-02.26.41:882][  0]LogTargetPlatformManager: Display: Loaded TargetPlatform 'IOSClient'
[2020.04.18-02.26.41:882][  0]LogTargetPlatformManager: Display: Loaded TargetPlatform 'IOS'
[2020.04.18-02.26.41:892][  0]LogTargetPlatformManager: Display: Loaded TargetPlatform 'LinuxNoEditor'
[2020.04.18-02.26.41:902][  0]LogTargetPlatformManager: Display: Loaded TargetPlatform 'LinuxClient'
[2020.04.18-02.26.41:913][  0]LogTargetPlatformManager: Display: Loaded TargetPlatform 'LinuxServer'
[2020.04.18-02.26.41:923][  0]LogTargetPlatformManager: Display: Loaded TargetPlatform 'LinuxAArch64NoEditor'
[2020.04.18-02.26.41:933][  0]LogTargetPlatformManager: Display: Loaded TargetPlatform 'LinuxAArch64Client'
[2020.04.18-02.26.41:943][  0]LogTargetPlatformManager: Display: Loaded TargetPlatform 'LinuxAArch64Server'
[2020.04.18-02.26.41:975][  0]LogTargetPlatformManager: Display: Loaded TargetPlatform 'Lumin'
[2020.04.18-02.26.41:976][  0]LogTargetPlatformManager: Display: Loaded TargetPlatform 'LuminClient'
[2020.04.18-02.26.41:995][  0]LogTargetPlatformManager: Display: Loaded TargetPlatform 'TVOSClient'
[2020.04.18-02.26.41:995][  0]LogTargetPlatformManager: Display: Loaded TargetPlatform 'TVOS'
[2020.04.18-02.26.42:004][  0]LogTargetPlatformManager: Display: Loaded TargetPlatform 'WindowsNoEditor'
[2020.04.18-02.26.42:016][  0]LogTargetPlatformManager: Display: Loaded TargetPlatform 'Windows'
[2020.04.18-02.26.42:026][  0]LogTargetPlatformManager: Display: Loaded TargetPlatform 'WindowsClient'
[2020.04.18-02.26.42:040][  0]LogTargetPlatformManager: Display: Loaded TargetPlatform 'WindowsServer'
[2020.04.18-02.26.42:040][  0]LogTargetPlatformManager: Display: Building Assets For Windows
[2020.04.18-02.26.42:047][  0]LogAudioDebug: Display: Lib vorbis DLL was dynamically loaded.
[2020.04.18-02.26.42:096][  0]LogShaderCompilers: Guid format shader working directory is -24 characters bigger than the processId version (../../../../../../Andrew/School/Grade 12/ISM/Final Product/RocketRacer/Intermediate/Shaders/WorkingDirectory/8928/).
[2020.04.18-02.26.42:097][  0]LogShaderCompilers: Cleaned the shader compiler working directory 'C:/Users/andre/AppData/Local/Temp/UnrealShaderWorkingDir/9B20D95A4FD77ECDC025419AD7ADB807/'.
[2020.04.18-02.26.42:098][  0]LogXGEController: Cleaning working directory: C:/Users/andre/AppData/Local/Temp/UnrealXGEWorkingDir/
[2020.04.18-02.26.42:098][  0]LogXGEController: Cannot use XGE Controller as Incredibuild is not installed on this machine.
[2020.04.18-02.26.42:098][  0]LogShaderCompilers: Cannot use XGE Shader Compiler as Incredibuild is not installed on this machine.
[2020.04.18-02.26.42:098][  0]LogShaderCompilers: Display: Using Local Shader Compiler.
[2020.04.18-02.26.43:150][  0]LogDerivedDataCache: Display: Max Cache Size: 512 MB
[2020.04.18-02.26.43:251][  0]LogDerivedDataCache: Loaded boot cache 0.10s 78MB C:/Users/andre/AppData/Local/UnrealEngine/4.24/DerivedDataCache/Boot.ddc.
[2020.04.18-02.26.43:251][  0]LogDerivedDataCache: Display: Loaded Boot cache: C:/Users/andre/AppData/Local/UnrealEngine/4.24/DerivedDataCache/Boot.ddc
[2020.04.18-02.26.43:251][  0]LogDerivedDataCache: FDerivedDataBackendGraph:  Pak pak cache file ../../../../../../Andrew/School/Grade 12/ISM/Final Product/RocketRacer/DerivedDataCache/DDC.ddp not found, will not use a pak cache.
[2020.04.18-02.26.43:251][  0]LogDerivedDataCache: Unable to find inner node Pak for hierarchical cache Hierarchy.
[2020.04.18-02.26.43:251][  0]LogDerivedDataCache: FDerivedDataBackendGraph:  CompressedPak pak cache file ../../../../../../Andrew/School/Grade 12/ISM/Final Product/RocketRacer/DerivedDataCache/Compressed.ddp not found, will not use a pak cache.
[2020.04.18-02.26.43:251][  0]LogDerivedDataCache: Unable to find inner node CompressedPak for hierarchical cache Hierarchy.
[2020.04.18-02.26.43:276][  0]LogDerivedDataCache: Display: Pak cache opened for reading ../../../Engine/DerivedDataCache/Compressed.ddp.
[2020.04.18-02.26.43:276][  0]LogDerivedDataCache: FDerivedDataBackendGraph:  EnterprisePak pak cache file ../../../Enterprise/DerivedDataCache/Compressed.ddp not found, will not use a pak cache.
[2020.04.18-02.26.43:276][  0]LogDerivedDataCache: Unable to find inner node EnterprisePak for hierarchical cache Hierarchy.
[2020.04.18-02.26.43:278][  0]LogDerivedDataCache: Using Local data cache path C:/Users/andre/AppData/Local/UnrealEngine/Common/DerivedDataCache: Writable
[2020.04.18-02.26.43:279][  0]LogDerivedDataCache: Shared data cache path not found in *engine.ini, will not use an Shared cache.
[2020.04.18-02.26.43:279][  0]LogDerivedDataCache: Unable to find inner node Shared for hierarchical cache Hierarchy.
[2020.04.18-02.26.43:338][  0]LogMaterial: Verifying Global Shaders for PCD3D_SM5
[2020.04.18-02.26.43:342][  0]LogSlate: Using FreeType 2.10.0
[2020.04.18-02.26.43:342][  0]LogSlate: SlateFontServices - WITH_FREETYPE: 1, WITH_HARFBUZZ: 1
[2020.04.18-02.26.43:415][  0]LogAssetRegistry: FAssetRegistry took 0.0033 seconds to start up
[2020.04.18-02.26.43:885][  0]LogInit: Selected Device Profile: [Windows]
[2020.04.18-02.26.44:115][  0]LogMeshReduction: Using QuadricMeshReduction for automatic static mesh reduction
[2020.04.18-02.26.44:115][  0]LogMeshReduction: Using SimplygonMeshReduction for automatic skeletal mesh reduction
[2020.04.18-02.26.44:115][  0]LogMeshReduction: Using ProxyLODMeshReduction for automatic mesh merging
[2020.04.18-02.26.44:115][  0]LogMeshReduction: No distributed automatic mesh merging module available
[2020.04.18-02.26.44:115][  0]LogMeshMerging: No distributed automatic mesh merging module available
[2020.04.18-02.26.44:130][  0]LogNetVersion: RocketRacer 1.0.0, NetCL: 10570792, EngineNetVer: 13, GameNetVer: 0 (Checksum: 2842693076)
[2020.04.18-02.26.45:785][  0]LogPackageLocalizationCache: Processed 10 localized package path(s) for 1 prioritized culture(s) in 0.067310 seconds
[2020.04.18-02.26.45:795][  0]LogUObjectArray: 46750 objects as part of root set at end of initial load.
[2020.04.18-02.26.45:795][  0]LogUObjectAllocator: 8137160 out of 0 bytes used by permanent object pool.
[2020.04.18-02.26.45:795][  0]LogUObjectArray: CloseDisregardForGC: 0/0 objects in disregard for GC pool
[2020.04.18-02.26.46:402][  0]LogTcpMessaging: Initializing TcpMessaging bridge
[2020.04.18-02.26.46:405][  0]LogUdpMessaging: Initializing bridge on interface 0.0.0.0:0 to multicast group 230.0.0.1:6666.
[2020.04.18-02.26.46:493][  0]SourceControl: Source control is disabled
[2020.04.18-02.26.46:493][  0]SourceControl: Source control is disabled
[2020.04.18-02.26.46:494][  0]SourceControl: Source control is disabled
[2020.04.18-02.26.46:496][  0]SourceControl: Source control is disabled
[2020.04.18-02.26.46:497][  0]SourceControl: Source control is disabled
[2020.04.18-02.26.46:642][  0]LogAndroidPermission: UAndroidPermissionCallbackProxy::GetInstance
[2020.04.18-02.26.46:662][  0]LogAudioCaptureCore: Display: No Audio Capture implementations found. Audio input will be silent.
[2020.04.18-02.26.46:662][  0]LogAudioCaptureCore: Display: No Audio Capture implementations found. Audio input will be silent.
[2020.04.18-02.26.46:829][  0]LogOcInput: OculusInput pre-init called
[2020.04.18-02.26.46:840][  0]LogWindows: Failed to load 'OVRPlugin.dll' (GetLastError=126)
[2020.04.18-02.26.46:840][  0]LogWindows: File 'OVRPlugin.dll' does not exist
[2020.04.18-02.26.46:933][  0]LogEngine: Initializing Engine...
[2020.04.18-02.26.46:935][  0]LogHMD: Failed to initialize OpenVR with code 110
[2020.04.18-02.26.46:935][  0]LogStats: UGameplayTagsManager::InitializeManager -  0.000 s
[2020.04.18-02.26.47:564][  0]LogInit: Initializing FReadOnlyCVARCache
[2020.04.18-02.26.47:575][  0]LogAIModule: Creating AISystem for world Untitled
[2020.04.18-02.26.47:588][  0]LogAudioMixer: Display: Audio Mixer Platform Settings:
[2020.04.18-02.26.47:588][  0]LogAudioMixer: Display: 	Sample Rate:						  48000
[2020.04.18-02.26.47:588][  0]LogAudioMixer: Display: 	Callback Buffer Frame Size Requested: 1024
[2020.04.18-02.26.47:588][  0]LogAudioMixer: Display: 	Callback Buffer Frame Size To Use:	  1024
[2020.04.18-02.26.47:588][  0]LogAudioMixer: Display: 	Number of buffers to queue:			  2
[2020.04.18-02.26.47:588][  0]LogAudioMixer: Display: 	Max Channels (voices):				  32
[2020.04.18-02.26.47:588][  0]LogAudioMixer: Display: 	Number of Async Source Workers:		  0
[2020.04.18-02.26.47:588][  0]LogAudio: Display: AudioDevice MaxSources: 32
[2020.04.18-02.26.47:589][  0]LogAudio: Display: Using built-in audio occlusion.
[2020.04.18-02.26.47:589][  0]LogAudioMixer: Display: Initializing audio mixer.
[2020.04.18-02.26.47:615][  0]LogAudioMixer: Display: Audio Device Output Speaker Info:
[2020.04.18-02.26.47:615][  0]LogAudioMixer: Display: Name: Speakers (Realtek High Definition Audio(SST))
[2020.04.18-02.26.47:615][  0]LogAudioMixer: Display: Is Default: Yes
[2020.04.18-02.26.47:615][  0]LogAudioMixer: Display: Sample Rate: 48000
[2020.04.18-02.26.47:615][  0]LogAudioMixer: Display: Channel Count Used: 2
[2020.04.18-02.26.47:615][  0]LogAudioMixer: Display: Device Channel Count: 2
[2020.04.18-02.26.47:615][  0]LogAudioMixer: Display: Channel Order:
[2020.04.18-02.26.47:615][  0]LogAudioMixer: Display: 0: FrontLeft
[2020.04.18-02.26.47:615][  0]LogAudioMixer: Display: 1: FrontRight
[2020.04.18-02.26.47:834][  0]LogAudioMixer: Display: Using Audio Device Speakers (Realtek High Definition Audio(SST))
[2020.04.18-02.26.47:841][  0]LogInit: FAudioDevice initialized.
[2020.04.18-02.26.47:842][  0]LogNetVersion: Set ProjectVersion to 1.0.0.0. Version Checksum will be recalculated on next use.
[2020.04.18-02.26.47:919][  0]LogDerivedDataCache: Saved boot cache 0.08s 78MB C:/Users/andre/AppData/Local/UnrealEngine/4.24/DerivedDataCache/Boot.ddc.
[2020.04.18-02.26.47:925][  0]LogInit: Texture streaming: Enabled
[2020.04.18-02.26.47:939][  0]LogEngineSessionManager: EngineSessionManager initialized
[2020.04.18-02.26.47:939][  0]LogEngineSessionManager: EngineSessionManager sent abnormal shutdown report. Type=Crashed, SessionId={7AC8C0E7-4E5A-5A6C-48BB-C383BF0E4F58}
[2020.04.18-02.26.47:939][  0]LogEditorSessionSummary: Verbose: Initializing EditorSessionSummaryWriter for editor session tracking
[2020.04.18-02.26.47:941][  0]LogEditorSessionSummary: EditorSessionSummaryWriter initialized
[2020.04.18-02.26.48:053][  0]LogInit: Transaction tracking system initialized
[2020.04.18-02.26.48:066][  0]BlueprintLog: New page: Editor Load
[2020.04.18-02.26.48:102][  0]LocalizationService: Localization service is disabled
[2020.04.18-02.26.48:593][  0]LogFileCache: Scanning file cache for directory 'C:/Andrew/School/Grade 12/ISM/Final Product/RocketRacer/Content/' took 0.01s
[2020.04.18-02.26.48:593][  0]LogCook: Display: Max memory allowance for cook 16384mb min free memory 0mb
[2020.04.18-02.26.48:593][  0]LogCook: Display: Mobile HDR setting 1
[2020.04.18-02.26.49:536][  0]SourceControl: Source control is disabled
[2020.04.18-02.26.49:737][  0]LogSlate: Took 0.000208 seconds to synchronously load lazily loaded font '../../../Engine/Content/Slate/Fonts/Roboto-Regular.ttf' (155K)
[2020.04.18-02.27.04:560][  0]LogSlate: Window 'Restore Packages' being destroyed
[2020.04.18-02.27.04:563][  0]LogWindowsTextInputMethodSystem: Display: IME system now deactivated.
[2020.04.18-02.27.04:573][  0]LogWindowsTextInputMethodSystem: Display: IME system now deactivated.
[2020.04.18-02.27.13:022][  0]LogSlate: Window 'Unable to Check Out From Source Control!' being destroyed
[2020.04.18-02.27.13:024][  0]LogWindowsTextInputMethodSystem: Display: IME system now deactivated.
[2020.04.18-02.27.13:031][  0]LogWindowsTextInputMethodSystem: Display: IME system now deactivated.
[2020.04.18-02.27.13:138][  0]Cmd: MAP LOAD FILE="../../../../../../Andrew/School/Grade 12/ISM/Final Product/RocketRacer/Content/VehicleAdvBP/Maps/VehicleAdvExampleMap.umap" TEMPLATE=0 SHOWPROGRESS=1 FEATURELEVEL=3
[2020.04.18-02.27.13:139][  0]LightingResults: New page: Lighting Build
[2020.04.18-02.27.13:141][  0]LogWorld: UWorld::CleanupWorld for Untitled, bSessionEnded=true, bCleanupResources=true
[2020.04.18-02.27.13:141][  0]LogSlate: InvalidateAllWidgets triggered.  All widgets were invalidated
[2020.04.18-02.27.13:141][  0]MapCheck: New page: Map Check
[2020.04.18-02.27.13:141][  0]LightingResults: New page: Lighting Build
[2020.04.18-02.27.13:200][  0]LogUObjectHash: Compacting FUObjectHashTables data took   4.62ms
[2020.04.18-02.27.13:476][  0]LogBlueprint: Warning: [Compiler VehicleBlueprint] InputAction Event references unknown Action 'Handbrake' for  InputAction Handbrake
[2020.04.18-02.27.15:342][  0]LogAIModule: Creating AISystem for world VehicleAdvExampleMap
[2020.04.18-02.27.15:997][  0]LogEditorServer: Finished looking for orphan Actors (0.000 secs)
[2020.04.18-02.27.16:226][  0]LogUObjectHash: Compacting FUObjectHashTables data took   3.46ms
[2020.04.18-02.27.16:227][  0]Cmd: MAP CHECKDEP NOCLEARLOG
[2020.04.18-02.27.16:227][  0]MapCheck: Map check complete: 0 Error(s), 0 Warning(s), took 0.378ms to complete.
[2020.04.18-02.27.16:227][  0]LogFileHelpers: Loading map 'VehicleAdvExampleMap' took 3.089
[2020.04.18-02.27.16:374][  0]LogSlate: Updating window title bar state: overlay mode, drag disabled, window buttons hidden, title bar hidden
[2020.04.18-02.27.16:389][  0]LogSlate: Updating window title bar state: overlay mode, drag disabled, window buttons hidden, title bar hidden
[2020.04.18-02.27.16:407][  0]LogSlate: Updating window title bar state: overlay mode, drag disabled, window buttons hidden, title bar hidden
[2020.04.18-02.27.16:426][  0]LogSlate: Updating window title bar state: overlay mode, drag disabled, window buttons hidden, title bar hidden
[2020.04.18-02.27.16:438][  0]LogCollectionManager: Loaded 0 collections in 0.004526 seconds
[2020.04.18-02.27.16:468][  0]LogFileCache: Scanning file cache for directory 'C:/Andrew/School/Grade 12/ISM/Final Product/RocketRacer/Saved/Collections/' took 0.00s
[2020.04.18-02.27.16:468][  0]LogFileCache: Scanning file cache for directory 'C:/Andrew/School/Grade 12/ISM/Final Product/RocketRacer/Content/Developers/andre/Collections/' took 0.00s
[2020.04.18-02.27.16:468][  0]LogFileCache: Scanning file cache for directory 'C:/Andrew/School/Grade 12/ISM/Final Product/RocketRacer/Content/Collections/' took 0.00s
[2020.04.18-02.27.16:468][  0]LogContentBrowser: Native class hierarchy populated in 0.0197 seconds. Added 3018 classes and 721 folders.
[2020.04.18-02.27.16:476][  0]LogContentBrowser: Native class hierarchy updated for 'WidgetCarousel' in 0.0004 seconds. Added 0 classes and 0 folders.
[2020.04.18-02.27.16:553][  0]LogContentBrowser: Native class hierarchy updated for 'AddContentDialog' in 0.0003 seconds. Added 0 classes and 0 folders.
[2020.04.18-02.27.16:557][  0]LogContentBrowser: Native class hierarchy updated for 'SceneOutliner' in 0.0003 seconds. Added 2 classes and 3 folders.
[2020.04.18-02.27.16:600][  0]LogSlate: Took 0.000338 seconds to synchronously load lazily loaded font '../../../Engine/Content/Slate/Fonts/Roboto-Bold.ttf' (160K)
[2020.04.18-02.27.16:613][  0]LogSlate: Took 0.000789 seconds to synchronously load lazily loaded font '../../../Engine/Content/Editor/Slate/Fonts/FontAwesome.ttf' (139K)
[2020.04.18-02.27.16:977][  0]LogRenderer: Reallocating scene render targets to support 812x508 Format 10 NumSamples 1 (Frame:1).
[2020.04.18-02.27.17:743][  0]LogContentBrowser: Native class hierarchy updated for 'HierarchicalLODOutliner' in 0.0005 seconds. Added 0 classes and 0 folders.
[2020.04.18-02.27.17:743][  0]LogLoad: (Engine Initialization) Total time: 39.59 seconds
[2020.04.18-02.27.17:743][  0]LogLoad: (Engine Initialization) Total Blueprint compile time: 0.00 seconds
[2020.04.18-02.27.17:767][  0]LogRawInputWindows: Warning: Found device 26 devices
[2020.04.18-02.27.17:768][  0]LogRawInputWindows: Warning: Found device 26 devices
[2020.04.18-02.27.17:768][  0]LogRawInputWindows: Warning: Device was registered succesfully but not connected (Usage:4 UsagePage:1)
[2020.04.18-02.27.17:769][  0]LogRawInputWindows: Warning: Found device 26 devices
[2020.04.18-02.27.17:769][  0]LogRawInputWindows: Warning: Device was registered succesfully but not connected (Usage:5 UsagePage:1)
[2020.04.18-02.27.18:426][  0]LogContentStreaming: Texture pool size now 1000 MB
[2020.04.18-02.27.18:598][  2]LogAssetRegistry: Asset discovery search completed in 35.1837 seconds
[2020.04.18-02.27.18:606][  2]LogCollectionManager: Fixed up redirectors for 0 collections in 0.000014 seconds (updated 0 objects)
[2020.04.18-02.27.20:922][  3]LogEditorViewport: Clicking on Actor (LMB): DeathPlane_C (DeathPlaneMain)
[2020.04.18-03.27.47:910][254]LogRenderer: Reallocating scene render targets to support 812x532 Format 10 NumSamples 1 (Frame:254).
[2020.04.18-04.39.17:402][374]LogD3D11RHI: GetQueryData is taking a very long time (726.7 s)
[2020.04.18-04.39.17:402][374]LogD3D11RHI: Timed out while waiting for GPU to catch up. (0.5 s) (ErrorCode 00000001)
[2020.04.18-04.39.17:808][375]LogHttp: Warning: 00000218B1EE6980: invalid HTTP response code received. URL: https://datarouter.ol.epicgames.com/datarouter/api/v1/public/data?SessionID=%7B7D2D2328-43A7-C5E2-8994-74BE8C98CDC0%7D&AppID=UEEditor.Rocket.Release&AppVersion=4.24.2-11100242%2B%2B%2BUE4%2BRelease-4.24&UserID=af0b6c2c47b9609470b03baa6bbcc653%7Cec171b9ba92c4a39b24e89e1b852ca31%7C740c3978-4fb6-4bd3-86b3-b43b687e320e&AppEnvironment=datacollector-binary&UploadType=eteventstream, HTTP code: 0, content length: 0, actual payload size: 0
[2020.04.18-04.39.17:808][375]LogHttp: Warning: 00000218B1EE6980: request failed, libcurl error: 56 (Failure when receiving data from the peer)
[2020.04.18-04.39.17:808][375]LogHttp: Warning: 00000218B1EE6980: libcurl info message cache 0 (Found bundle for host datarouter.ol.epicgames.com: 0x218e2c6ff70 [can pipeline])
[2020.04.18-04.39.17:808][375]LogHttp: Warning: 00000218B1EE6980: libcurl info message cache 1 (Re-using existing connection! (#1) with host datarouter.ol.epicgames.com)
[2020.04.18-04.39.17:808][375]LogHttp: Warning: 00000218B1EE6980: libcurl info message cache 2 (Connected to datarouter.ol.epicgames.com (52.70.218.65) port 443 (#1))
[2020.04.18-04.39.17:808][375]LogHttp: Warning: 00000218B1EE6980: libcurl info message cache 3 (We are completely uploaded and fine)
[2020.04.18-04.39.17:808][375]LogHttp: Warning: 00000218B1EE6980: libcurl info message cache 4 (OpenSSL SSL_read: SSL_ERROR_SYSCALL, errno 10054)
[2020.04.18-04.39.17:808][375]LogHttp: Warning: 00000218B1EE6980: libcurl info message cache 5 (Connection died, retrying a fresh connect)
[2020.04.18-04.39.17:808][375]LogHttp: Warning: 00000218B1EE6980: libcurl info message cache 6 (necessary data rewind wasn't possible)
[2020.04.18-04.39.17:808][375]LogHttp: Warning: 00000218B1EE6980: libcurl info message cache 7 (Closing connection 1)
[2020.04.18-04.39.18:041][376]LogHttp: Warning: Retry exhausted on https://datarouter.ol.epicgames.com/datarouter/api/v1/public/data?SessionID=%7B7D2D2328-43A7-C5E2-8994-74BE8C98CDC0%7D&AppID=UEEditor.Rocket.Release&AppVersion=4.24.2-11100242%2B%2B%2BUE4%2BRelease-4.24&UserID=af0b6c2c47b9609470b03baa6bbcc653%7Cec171b9ba92c4a39b24e89e1b852ca31%7C740c3978-4fb6-4bd3-86b3-b43b687e320e&AppEnvironment=datacollector-binary&UploadType=eteventstream
[2020.04.18-04.39.36:930][432]LogD3D11RHI: Timed out while waiting for GPU to catch up. (0.5 s) (ErrorCode 00000001)
[2020.04.18-04.39.42:276][448]LogD3D11RHI: Timed out while waiting for GPU to catch up. (0.5 s) (ErrorCode 00000001)
[2020.04.18-04.51.18:405][528]LogHttp: Warning: 00000218B1EE4180: invalid HTTP response code received. URL: https://datarouter.ol.epicgames.com/datarouter/api/v1/public/data?SessionID=%7B7D2D2328-43A7-C5E2-8994-74BE8C98CDC0%7D&AppID=UEEditor.Rocket.Release&AppVersion=4.24.2-11100242%2B%2B%2BUE4%2BRelease-4.24&UserID=af0b6c2c47b9609470b03baa6bbcc653%7Cec171b9ba92c4a39b24e89e1b852ca31%7C740c3978-4fb6-4bd3-86b3-b43b687e320e&AppEnvironment=datacollector-binary&UploadType=eteventstream, HTTP code: 0, content length: 0, actual payload size: 0
[2020.04.18-04.51.18:406][528]LogHttp: Warning: 00000218B1EE4180: request failed, libcurl error: 56 (Failure when receiving data from the peer)
[2020.04.18-04.51.18:406][528]LogHttp: Warning: 00000218B1EE4180: libcurl info message cache 0 (Found bundle for host datarouter.ol.epicgames.com: 0x218e2c6ff70 [can pipeline])
[2020.04.18-04.51.18:406][528]LogHttp: Warning: 00000218B1EE4180: libcurl info message cache 1 (Re-using existing connection! (#5) with host datarouter.ol.epicgames.com)
[2020.04.18-04.51.18:406][528]LogHttp: Warning: 00000218B1EE4180: libcurl info message cache 2 (Connected to datarouter.ol.epicgames.com (54.82.163.3) port 443 (#5))
[2020.04.18-04.51.18:406][528]LogHttp: Warning: 00000218B1EE4180: libcurl info message cache 3 (We are completely uploaded and fine)
[2020.04.18-04.51.18:406][528]LogHttp: Warning: 00000218B1EE4180: libcurl info message cache 4 (OpenSSL SSL_read: SSL_ERROR_SYSCALL, errno 10054)
[2020.04.18-04.51.18:406][528]LogHttp: Warning: 00000218B1EE4180: libcurl info message cache 5 (Connection died, retrying a fresh connect)
[2020.04.18-04.51.18:406][528]LogHttp: Warning: 00000218B1EE4180: libcurl info message cache 6 (necessary data rewind wasn't possible)
[2020.04.18-04.51.18:406][528]LogHttp: Warning: 00000218B1EE4180: libcurl info message cache 7 (Closing connection 5)
[2020.04.18-04.51.18:406][528]LogHttp: Warning: Retry exhausted on https://datarouter.ol.epicgames.com/datarouter/api/v1/public/data?SessionID=%7B7D2D2328-43A7-C5E2-8994-74BE8C98CDC0%7D&AppID=UEEditor.Rocket.Release&AppVersion=4.24.2-11100242%2B%2B%2BUE4%2BRelease-4.24&UserID=af0b6c2c47b9609470b03baa6bbcc653%7Cec171b9ba92c4a39b24e89e1b852ca31%7C740c3978-4fb6-4bd3-86b3-b43b687e320e&AppEnvironment=datacollector-binary&UploadType=eteventstream
